-------------------------------------------------------------------------------
Test set: As a user on register page
-------------------------------------------------------------------------------
Tests run: 1, Failures: 0, Errors: 1, Skipped: 0, Time elapsed: 19.761 s <<< FAILURE! - in As a user on register page
As a user on register page.User register with valid data  Time elapsed: 19.761 s  <<< ERROR!
java.lang.RuntimeException: Some exception during recording fields
Caused by: java.net.SocketTimeoutException: Read timed out

