<?xml version="1.0" encoding="UTF-8"?>
<testsuite xmlns:xsi="http://www.w3.org/2001/XMLSchema-instance" xsi:noNamespaceSchemaLocation="https://maven.apache.org/surefire/maven-failsafe-plugin/xsd/failsafe-test-report-3.0.xsd" version="3.0" name="As a user on register page" time="19.761" tests="1" errors="1" skipped="0" failures="0">
  <properties>
[...]
</properties>
  <testcase name="User register with valid data" classname="As a user on register page" time="19.761">
    <error message="Some exception during recording fields" type="java.lang.RuntimeException"><![CDATA[java.lang.RuntimeException: Some exception during recording fields
Caused by: java.net.SocketTimeoutException: Read timed out
]]></error>
    <system-out><![CDATA[00:28:15.831 [pool-2-thread-1] INFO io.cucumber.core.plugin.SerenityReporter - Running feature from file:///D:/Capstone/REST%20API%20CAPSTONE/src/test/resources/api/Login.feature

00:28:15.835 [pool-2-thread-1] WARN io.cucumber.core.plugin.SerenityReporter - Feature from file:///D:/Capstone/REST%20API%20CAPSTONE/src/test/resources/api/Login.feature is not under the 'features' directory. Requirements report will not be correctly generated!

00:28:16.092 [pool-2-thread-1] INFO  - 

-------------------------------------------------------------------------------------
     _______. _______ .______       _______ .__   __.  __  .___________.____    ____ 
    /       ||   ____||   _  \     |   ____||  \ |  | |  | |           |\   \  /   / 
   |   (----`|  |__   |  |_)  |    |  |__   |   \|  | |  | `---|  |----` \   \/   /  
    \   \    |   __|  |      /     |   __|  |  . `  | |  |     |  |       \_    _/   
.----)   |   |  |____ |  |\  \----.|  |____ |  |\   | |  |     |  |         |  |     
|_______/    |_______|| _| `._____||_______||__| \__| |__|     |__|         |__|    
                                                                                     
 News and tutorials at http://www.serenity-bdd.info                                  
 Documentation at https://wakaleo.gitbooks.io/the-serenity-book/content/             
 Join the Serenity Community on Gitter: https://gitter.im/serenity-bdd/serenity-core 
 Serenity BDD Support and Training at http://serenity-bdd.info/#/trainingandsupport  
-------------------------------------------------------------------------------------


00:28:16.096 [pool-2-thread-1] DEBUG net.thucydides.core.steps.StepEventBus - Test suite started for story net.thucydides.core.model.Story@616fe652

00:28:16.100 [pool-2-thread-1] INFO  - Test Suite Started: As a user on login page

00:28:16.124 [pool-2-thread-1] INFO io.cucumber.core.plugin.SerenityReporter - Running feature from file:///D:/Capstone/REST%20API%20CAPSTONE/src/test/resources/api/Register.feature

00:28:16.124 [pool-2-thread-1] WARN io.cucumber.core.plugin.SerenityReporter - Feature from file:///D:/Capstone/REST%20API%20CAPSTONE/src/test/resources/api/Register.feature is not under the 'features' directory. Requirements report will not be correctly generated!

00:28:16.133 [pool-2-thread-1] DEBUG net.thucydides.core.steps.StepEventBus - Test suite started for story net.thucydides.core.model.Story@ea3158de

00:28:16.134 [pool-2-thread-1] INFO  - Test Suite Started: As a user on register page

00:28:43.188 [pool-2-thread-1] ERROR  - 
  _____   ___   ___   _____     ___   ___   ___    ___    ___ 
 |_   _| | __| / __| |_   _|   | __| | _ \ | _ \  / _ \  | _ \
   | |   | _|  \__ \   | |     | _|  |   / |   / | (_) | |   /
   |_|   |___| |___/   |_|     |___| |_|_\ |_|_\  \___/  |_|_\

User input valid email and password
---------------------------------------------------------------

00:28:43.190 [pool-2-thread-1] DEBUG  - RELATED ISSUES: 

00:28:43.269 [pool-2-thread-1] ERROR  -     Test failed at step: POST

00:28:43.269 [pool-2-thread-1] ERROR  -     Read timed out

00:29:03.046 [pool-2-thread-1] ERROR  - 
  _____   ___   ___   _____     ___   ___   ___    ___    ___ 
 |_   _| | __| / __| |_   _|   | __| | _ \ | _ \  / _ \  | _ \
   | |   | _|  \__ \   | |     | _|  |   / |   / | (_) | |   /
   |_|   |___| |___/   |_|     |___| |_|_\ |_|_\  \___/  |_|_\

User register with valid data
---------------------------------------------------------------

00:29:03.047 [pool-2-thread-1] DEBUG  - RELATED ISSUES: 

00:29:03.047 [pool-2-thread-1] ERROR  -     Test failed at step: POST

00:29:03.047 [pool-2-thread-1] ERROR  -     Read timed out



&amp#27;[31mFailed scenarios:&amp#27;[0m


file:///D:/Capstone/REST%20API%20CAPSTONE/src/test/resources/api/Login.feature:3 # User input valid email and password


file:///D:/Capstone/REST%20API%20CAPSTONE/src/test/resources/api/Register.feature:3 # User register with valid data




2
 Scenarios (
&amp#27;[31m2 failed&amp#27;[0m
)


8
 Steps (
&amp#27;[31m2 failed&amp#27;[0m
, 
&amp#27;[36m4 skipped&amp#27;[0m
, 
&amp#27;[32m2 passed&amp#27;[0m
)


0m
47.228s






java.lang.RuntimeException: Some exception during recording fields


	at net.serenitybdd.rest.filters.FieldsRecordingFilter.filter(FieldsRecordingFilter.java:52)


	at io.restassured.filter.Filter$filter.call(Unknown Source)


	at io.restassured.internal.filter.FilterContextImpl.next(FilterContextImpl.groovy:72)


	at io.restassured.filter.log.RequestLoggingFilter.filter(RequestLoggingFilter.java:140)


	at net.serenitybdd.rest.filters.FieldsRecordingFilter.filter(FieldsRecordingFilter.java:40)


	at io.restassured.filter.Filter$filter.call(Unknown Source)


	at io.restassured.internal.filter.FilterContextImpl.next(FilterContextImpl.groovy:72)


	at io.restassured.filter.log.RequestLoggingFilter.filter(RequestLoggingFilter.java:140)


	at net.serenitybdd.rest.filters.FieldsRecordingFilter.filter(FieldsRecordingFilter.java:40)


	at io.restassured.filter.Filter$filter.call(Unknown Source)


	at io.restassured.internal.filter.FilterContextImpl.next(FilterContextImpl.groovy:72)


	at io.restassured.filter.log.RequestLoggingFilter.filter(RequestLoggingFilter.java:140)


	at net.serenitybdd.rest.filters.FieldsRecordingFilter.filter(FieldsRecordingFilter.java:40)


	at io.restassured.filter.Filter$filter.call(Unknown Source)


	at io.restassured.internal.filter.FilterContextImpl.next(FilterContextImpl.groovy:72)


	at io.restassured.filter.log.RequestLoggingFilter.filter(RequestLoggingFilter.java:140)


	at net.serenitybdd.rest.filters.FieldsRecordingFilter.filter(FieldsRecordingFilter.java:40)


	at io.restassured.filter.Filter$filter.call(Unknown Source)


	at io.restassured.internal.filter.FilterContextImpl.next(FilterContextImpl.groovy:72)


	at io.restassured.filter.log.RequestLoggingFilter.filter(RequestLoggingFilter.java:140)


	at net.serenitybdd.rest.filters.FieldsRecordingFilter.filter(FieldsRecordingFilter.java:40)


	at io.restassured.filter.Filter$filter.call(Unknown Source)


	at org.codehaus.groovy.runtime.callsite.CallSiteArray.defaultCall(CallSiteArray.java:47)


	at org.codehaus.groovy.runtime.callsite.AbstractCallSite.call(AbstractCallSite.java:125)


	at org.codehaus.groovy.runtime.callsite.AbstractCallSite.call(AbstractCallSite.java:157)


	at io.restassured.internal.filter.FilterContextImpl.next(FilterContextImpl.groovy:72)


	at io.restassured.filter.FilterContext$next.call(Unknown Source)


	at org.codehaus.groovy.runtime.callsite.CallSiteArray.defaultCall(CallSiteArray.java:47)


	at org.codehaus.groovy.runtime.callsite.AbstractCallSite.call(AbstractCallSite.java:125)


	at org.codehaus.groovy.runtime.callsite.AbstractCallSite.call(AbstractCallSite.java:148)


	at io.restassured.internal.RequestSpecificationImpl.applyPathParamsAndSendRequest(RequestSpecificationImpl.groovy:1655)


	at java.base/jdk.internal.reflect.NativeMethodAccessorImpl.invoke0(Native Method)


	at java.base/jdk.internal.reflect.NativeMethodAccessorImpl.invoke(NativeMethodAccessorImpl.java:62)


	at java.base/jdk.internal.reflect.DelegatingMethodAccessorImpl.invoke(DelegatingMethodAccessorImpl.java:43)


	at java.base/java.lang.reflect.Method.invoke(Method.java:566)


	at org.codehaus.groovy.reflection.CachedMethod.invoke(CachedMethod.java:107)


	at groovy.lang.MetaMethod.doMethodInvoke(MetaMethod.java:323)


	at groovy.lang.MetaClassImpl.invokeMethod(MetaClassImpl.java:1267)


	at groovy.lang.MetaClassImpl.invokeMethod(MetaClassImpl.java:1034)


	at groovy.lang.MetaClassImpl.invokeMethod(MetaClassImpl.java:818)


	at groovy.lang.GroovyObject.invokeMethod(GroovyObject.java:39)


	at org.codehaus.groovy.runtime.callsite.PogoInterceptableSite.call(PogoInterceptableSite.java:45)


	at org.codehaus.groovy.runtime.callsite.PogoInterceptableSite.callCurrent(PogoInterceptableSite.java:55)


	at org.codehaus.groovy.runtime.callsite.CallSiteArray.defaultCallCurrent(CallSiteArray.java:51)


	at org.codehaus.groovy.runtime.callsite.AbstractCallSite.callCurrent(AbstractCallSite.java:171)


	at org.codehaus.groovy.runtime.callsite.AbstractCallSite.callCurrent(AbstractCallSite.java:203)


	at io.restassured.internal.RequestSpecificationImpl.applyPathParamsAndSendRequest(RequestSpecificationImpl.groovy:1661)


	at java.base/jdk.internal.reflect.NativeMethodAccessorImpl.invoke0(Native Method)


	at java.base/jdk.internal.reflect.NativeMethodAccessorImpl.invoke(NativeMethodAccessorImpl.java:62)


	at java.base/jdk.internal.reflect.DelegatingMethodAccessorImpl.invoke(DelegatingMethodAccessorImpl.java:43)


	at java.base/java.lang.reflect.Method.invoke(Method.java:566)


	at org.codehaus.groovy.reflection.CachedMethod.invoke(CachedMethod.java:107)


	at groovy.lang.MetaMethod.doMethodInvoke(MetaMethod.java:323)


	at groovy.lang.MetaClassImpl.invokeMethod(MetaClassImpl.java:1267)


	at groovy.lang.MetaClassImpl.invokeMethod(MetaClassImpl.java:1034)


	at groovy.lang.MetaClassImpl.invokeMethod(MetaClassImpl.java:818)


	at groovy.lang.GroovyObject.invokeMethod(GroovyObject.java:39)


	at org.codehaus.groovy.runtime.callsite.PogoInterceptableSite.call(PogoInterceptableSite.java:45)


	at org.codehaus.groovy.runtime.callsite.PogoInterceptableSite.callCurrent(PogoInterceptableSite.java:55)


	at org.codehaus.groovy.runtime.callsite.CallSiteArray.defaultCallCurrent(CallSiteArray.java:51)


	at org.codehaus.groovy.runtime.callsite.AbstractCallSite.callCurrent(AbstractCallSite.java:171)


	at org.codehaus.groovy.runtime.callsite.AbstractCallSite.callCurrent(AbstractCallSite.java:203)


	at io.restassured.internal.RequestSpecificationImpl.post(RequestSpecificationImpl.groovy:175)


	at net.serenitybdd.rest.decorators.request.RequestSpecificationDecorated.executeCall(RequestSpecificationDecorated.java:309)


	at net.serenitybdd.rest.decorators.request.RequestSpecificationDecorated.execute(RequestSpecificationDecorated.java:268)


	at net.serenitybdd.rest.decorators.request.RequestSpecificationDecorated.post(RequestSpecificationDecorated.java:120)


	at net.serenitybdd.rest.decorators.request.RequestSpecificationDecorated.post(RequestSpecificationDecorated.java:38)


	at rest.api@1.0-SNAPSHOT/Starter.Login.PostLogin.loginusingvalidemailandpassword(PostLogin.java:22)


	at rest.api@1.0-SNAPSHOT/Starter.Login.PostLogin$ByteBuddy$eyrKlJqU.loginusingvalidemailandpassword$accessor$NUsgNlhi(Unknown Source)


	at java.base/jdk.internal.reflect.NativeMethodAccessorImpl.invoke0(Native Method)


	at java.base/jdk.internal.reflect.NativeMethodAccessorImpl.invoke(NativeMethodAccessorImpl.java:62)


	at java.base/jdk.internal.reflect.DelegatingMethodAccessorImpl.invoke(DelegatingMethodAccessorImpl.java:43)


	at java.base/java.lang.reflect.Method.invoke(Method.java:566)


	at net.thucydides.core.steps.StepInterceptor.invokeMethod(StepInterceptor.java:492)


	at net.thucydides.core.steps.StepInterceptor.executeTestStepMethod(StepInterceptor.java:472)


	at net.thucydides.core.steps.StepInterceptor.runTestStep(StepInterceptor.java:445)


	at net.thucydides.core.steps.StepInterceptor.runOrSkipMethod(StepInterceptor.java:201)


	at net.thucydides.core.steps.StepInterceptor.testStepResult(StepInterceptor.java:188)


	at net.thucydides.core.steps.StepInterceptor.intercept(StepInterceptor.java:76)


	at net.thucydides.core.steps.ProxyConfiguration$InterceptorDispatcher.intercept(ProxyConfiguration.java:51)


	at rest.api@1.0-SNAPSHOT/Starter.Login.PostLogin$ByteBuddy$eyrKlJqU.loginusingvalidemailandpassword(Unknown Source)


	at rest.api@1.0-SNAPSHOT/Starter.StepDefinitions.LoginSteps.loginusingvalidemailandpassword(LoginSteps.java:20)


	at ?.user login with valid email and valid password(file:///D:/Capstone/REST%20API%20CAPSTONE/src/test/resources/api/Login.feature:5)


Caused by: java.net.SocketTimeoutException: Read timed out


	at java.base/java.net.SocketInputStream.socketRead0(Native Method)


	at java.base/java.net.SocketInputStream.socketRead(SocketInputStream.java:115)


	at java.base/java.net.SocketInputStream.read(SocketInputStream.java:168)


	at java.base/java.net.SocketInputStream.read(SocketInputStream.java:140)


	at java.base/sun.security.ssl.SSLSocketInputRecord.read(SSLSocketInputRecord.java:478)


	at java.base/sun.security.ssl.SSLSocketInputRecord.readHeader(SSLSocketInputRecord.java:472)


	at java.base/sun.security.ssl.SSLSocketInputRecord.decode(SSLSocketInputRecord.java:160)


	at java.base/sun.security.ssl.SSLTransport.decode(SSLTransport.java:111)


	at java.base/sun.security.ssl.SSLSocketImpl.decode(SSLSocketImpl.java:1377)


	at java.base/sun.security.ssl.SSLSocketImpl.readHandshakeRecord(SSLSocketImpl.java:1290)


	at java.base/sun.security.ssl.SSLSocketImpl.startHandshake(SSLSocketImpl.java:411)


	at java.base/sun.security.ssl.SSLSocketImpl.startHandshake(SSLSocketImpl.java:383)


	at org.apache.http.conn.ssl.SSLSocketFactory.createLayeredSocket(SSLSocketFactory.java:573)


	at org.apache.http.conn.ssl.SSLSocketFactory.connectSocket(SSLSocketFactory.java:557)


	at org.apache.http.conn.ssl.SSLSocketFactory.connectSocket(SSLSocketFactory.java:414)


	at org.apache.http.impl.conn.DefaultClientConnectionOperator.openConnection(DefaultClientConnectionOperator.java:180)


	at org.apache.http.impl.conn.ManagedClientConnectionImpl.open(ManagedClientConnectionImpl.java:326)


	at org.apache.http.impl.client.DefaultRequestDirector.tryConnect(DefaultRequestDirector.java:610)


	at org.apache.http.impl.client.DefaultRequestDirector.execute(DefaultRequestDirector.java:445)


	at org.apache.http.impl.client.AbstractHttpClient.doExecute(AbstractHttpClient.java:835)


	at org.apache.http.impl.client.CloseableHttpClient.execute(CloseableHttpClient.java:83)


	at org.apache.http.impl.client.CloseableHttpClient.execute(CloseableHttpClient.java:56)


	at org.apache.http.client.HttpClient$execute$0.call(Unknown Source)


	at org.codehaus.groovy.runtime.callsite.CallSiteArray.defaultCall(CallSiteArray.java:47)


	at org.codehaus.groovy.runtime.callsite.AbstractCallSite.call(AbstractCallSite.java:125)


	at org.codehaus.groovy.runtime.callsite.AbstractCallSite.call(AbstractCallSite.java:148)


	at io.restassured.internal.RequestSpecificationImpl$RestAssuredHttpBuilder.doRequest(RequestSpecificationImpl.groovy:2055)


	at io.restassured.internal.http.HTTPBuilder.post(HTTPBuilder.java:350)


	at io.restassured.internal.http.HTTPBuilder$post$2.call(Unknown Source)


	at org.codehaus.groovy.runtime.callsite.CallSiteArray.defaultCall(CallSiteArray.java:47)


	at org.codehaus.groovy.runtime.callsite.AbstractCallSite.call(AbstractCallSite.java:125)


	at org.codehaus.groovy.runtime.callsite.AbstractCallSite.call(AbstractCallSite.java:148)


	at io.restassured.internal.RequestSpecificationImpl.sendRequest(RequestSpecificationImpl.groovy:1181)


	at java.base/jdk.internal.reflect.NativeMethodAccessorImpl.invoke0(Native Method)


	at java.base/jdk.internal.reflect.NativeMethodAccessorImpl.invoke(NativeMethodAccessorImpl.java:62)


	at java.base/jdk.internal.reflect.DelegatingMethodAccessorImpl.invoke(DelegatingMethodAccessorImpl.java:43)


	at java.base/java.lang.reflect.Method.invoke(Method.java:566)


	at org.codehaus.groovy.reflection.CachedMethod.invoke(CachedMethod.java:107)


	at groovy.lang.MetaMethod.doMethodInvoke(MetaMethod.java:323)


	at groovy.lang.MetaClassImpl.invokeMethod(MetaClassImpl.java:1267)


	at groovy.lang.MetaClassImpl.invokeMethod(MetaClassImpl.java:1034)


	at groovy.lang.MetaClassImpl.invokeMethod(MetaClassImpl.java:818)


	at groovy.lang.GroovyObject.invokeMethod(GroovyObject.java:39)


	at org.codehaus.groovy.runtime.callsite.PogoInterceptableSite.call(PogoInterceptableSite.java:45)


	at org.codehaus.groovy.runtime.callsite.CallSiteArray.defaultCall(CallSiteArray.java:47)


	at org.codehaus.groovy.runtime.callsite.AbstractCallSite.call(AbstractCallSite.java:125)


	at org.codehaus.groovy.runtime.callsite.AbstractCallSite.call(AbstractCallSite.java:166)


	at io.restassured.internal.filter.SendRequestFilter.filter(SendRequestFilter.groovy:30)


	at io.restassured.filter.Filter$filter$0.call(Unknown Source)


	at org.codehaus.groovy.runtime.callsite.CallSiteArray.defaultCall(CallSiteArray.java:47)


	at io.restassured.filter.Filter$filter.call(Unknown Source)


	at io.restassured.internal.filter.FilterContextImpl.next(FilterContextImpl.groovy:72)


	at io.restassured.filter.time.TimingFilter.filter(TimingFilter.java:56)


	at io.restassured.filter.Filter$filter.call(Unknown Source)


	at org.codehaus.groovy.runtime.callsite.CallSiteArray.defaultCall(CallSiteArray.java:47)


	at io.restassured.filter.Filter$filter.call(Unknown Source)


	at io.restassured.internal.filter.FilterContextImpl.next(FilterContextImpl.groovy:72)


	at io.restassured.filter.log.RequestLoggingFilter.filter(RequestLoggingFilter.java:140)


	at net.serenitybdd.rest.filters.FieldsRecordingFilter.filter(FieldsRecordingFilter.java:40)


	at io.restassured.filter.Filter$filter.call(Unknown Source)


	at io.restassured.internal.filter.FilterContextImpl.next(FilterContextImpl.groovy:72)


	at io.restassured.filter.log.RequestLoggingFilter.filter(RequestLoggingFilter.java:140)


	at net.serenitybdd.rest.filters.FieldsRecordingFilter.filter(FieldsRecordingFilter.java:40)


	at io.restassured.filter.Filter$filter.call(Unknown Source)


	at io.restassured.internal.filter.FilterContextImpl.next(FilterContextImpl.groovy:72)


	at io.restassured.filter.log.RequestLoggingFilter.filter(RequestLoggingFilter.java:140)


	at net.serenitybdd.rest.filters.FieldsRecordingFilter.filter(FieldsRecordingFilter.java:40)


	at io.restassured.filter.Filter$filter.call(Unknown Source)


	at io.restassured.internal.filter.FilterContextImpl.next(FilterContextImpl.groovy:72)


	at io.restassured.filter.log.RequestLoggingFilter.filter(RequestLoggingFilter.java:140)


	at net.serenitybdd.rest.filters.FieldsRecordingFilter.filter(FieldsRecordingFilter.java:40)


	at io.restassured.filter.Filter$filter.call(Unknown Source)


	at io.restassured.internal.filter.FilterContextImpl.next(FilterContextImpl.groovy:72)


	at io.restassured.filter.log.RequestLoggingFilter.filter(RequestLoggingFilter.java:140)


	at net.serenitybdd.rest.filters.FieldsRecordingFilter.filter(FieldsRecordingFilter.java:40)


	at io.restassured.filter.Filter$filter.call(Unknown Source)


	at io.restassured.internal.filter.FilterContextImpl.next(FilterContextImpl.groovy:72)


	at io.restassured.filter.log.RequestLoggingFilter.filter(RequestLoggingFilter.java:140)


	at net.serenitybdd.rest.filters.FieldsRecordingFilter.filter(FieldsRecordingFilter.java:40)


	at io.restassured.filter.Filter$filter.call(Unknown Source)


	at org.codehaus.groovy.runtime.callsite.CallSiteArray.defaultCall(CallSiteArray.java:47)


	at org.codehaus.groovy.runtime.callsite.AbstractCallSite.call(AbstractCallSite.java:125)


	at org.codehaus.groovy.runtime.callsite.AbstractCallSite.call(AbstractCallSite.java:157)


	at io.restassured.internal.filter.FilterContextImpl.next(FilterContextImpl.groovy:72)


	at io.restassured.filter.FilterContext$next.call(Unknown Source)


	at org.codehaus.groovy.runtime.callsite.CallSiteArray.defaultCall(CallSiteArray.java:47)


	at org.codehaus.groovy.runtime.callsite.AbstractCallSite.call(AbstractCallSite.java:125)


	at org.codehaus.groovy.runtime.callsite.AbstractCallSite.call(AbstractCallSite.java:148)


	at io.restassured.internal.RequestSpecificationImpl.applyPathParamsAndSendRequest(RequestSpecificationImpl.groovy:1655)


	at java.base/jdk.internal.reflect.NativeMethodAccessorImpl.invoke0(Native Method)


	at java.base/jdk.internal.reflect.NativeMethodAccessorImpl.invoke(NativeMethodAccessorImpl.java:62)


	at java.base/jdk.internal.reflect.DelegatingMethodAccessorImpl.invoke(DelegatingMethodAccessorImpl.java:43)


	at java.base/java.lang.reflect.Method.invoke(Method.java:566)


	at org.codehaus.groovy.reflection.CachedMethod.invoke(CachedMethod.java:107)


	at groovy.lang.MetaMethod.doMethodInvoke(MetaMethod.java:323)


	at groovy.lang.MetaClassImpl.invokeMethod(MetaClassImpl.java:1267)


	at groovy.lang.MetaClassImpl.invokeMethod(MetaClassImpl.java:1034)


	at groovy.lang.MetaClassImpl.invokeMethod(MetaClassImpl.java:818)


	at groovy.lang.GroovyObject.invokeMethod(GroovyObject.java:39)


	at org.codehaus.groovy.runtime.callsite.PogoInterceptableSite.call(PogoInterceptableSite.java:45)


	at org.codehaus.groovy.runtime.callsite.PogoInterceptableSite.callCurrent(PogoInterceptableSite.java:55)


	at org.codehaus.groovy.runtime.callsite.CallSiteArray.defaultCallCurrent(CallSiteArray.java:51)


	at org.codehaus.groovy.runtime.callsite.AbstractCallSite.callCurrent(AbstractCallSite.java:171)


	at org.codehaus.groovy.runtime.callsite.AbstractCallSite.callCurrent(AbstractCallSite.java:203)


	at io.restassured.internal.RequestSpecificationImpl.applyPathParamsAndSendRequest(RequestSpecificationImpl.groovy:1661)


	at java.base/jdk.internal.reflect.NativeMethodAccessorImpl.invoke0(Native Method)


	at java.base/jdk.internal.reflect.NativeMethodAccessorImpl.invoke(NativeMethodAccessorImpl.java:62)


	at java.base/jdk.internal.reflect.DelegatingMethodAccessorImpl.invoke(DelegatingMethodAccessorImpl.java:43)


	at java.base/java.lang.reflect.Method.invoke(Method.java:566)


	at org.codehaus.groovy.reflection.CachedMethod.invoke(CachedMethod.java:107)


	at groovy.lang.MetaMethod.doMethodInvoke(MetaMethod.java:323)


	at groovy.lang.MetaClassImpl.invokeMethod(MetaClassImpl.java:1267)


	at groovy.lang.MetaClassImpl.invokeMethod(MetaClassImpl.java:1034)


	at groovy.lang.MetaClassImpl.invokeMethod(MetaClassImpl.java:818)


	at groovy.lang.GroovyObject.invokeMethod(GroovyObject.java:39)


	at org.codehaus.groovy.runtime.callsite.PogoInterceptableSite.call(PogoInterceptableSite.java:45)


	at org.codehaus.groovy.runtime.callsite.PogoInterceptableSite.callCurrent(PogoInterceptableSite.java:55)


	at org.codehaus.groovy.runtime.callsite.CallSiteArray.defaultCallCurrent(CallSiteArray.java:51)


	at org.codehaus.groovy.runtime.callsite.AbstractCallSite.callCurrent(AbstractCallSite.java:171)


	at org.codehaus.groovy.runtime.callsite.AbstractCallSite.callCurrent(AbstractCallSite.java:203)


	at io.restassured.internal.RequestSpecificationImpl.post(RequestSpecificationImpl.groovy:175)


	at net.serenitybdd.rest.decorators.request.RequestSpecificationDecorated.executeCall(RequestSpecificationDecorated.java:309)


	at net.serenitybdd.rest.decorators.request.RequestSpecificationDecorated.execute(RequestSpecificationDecorated.java:268)


	at net.serenitybdd.rest.decorators.request.RequestSpecificationDecorated.post(RequestSpecificationDecorated.java:120)


	at net.serenitybdd.rest.decorators.request.RequestSpecificationDecorated.post(RequestSpecificationDecorated.java:38)


	at rest.api@1.0-SNAPSHOT/Starter.Login.PostLogin.loginusingvalidemailandpassword(PostLogin.java:22)


	at rest.api@1.0-SNAPSHOT/Starter.Login.PostLogin$ByteBuddy$eyrKlJqU.loginusingvalidemailandpassword$accessor$NUsgNlhi(Unknown Source)


	at java.base/jdk.internal.reflect.NativeMethodAccessorImpl.invoke0(Native Method)


	at java.base/jdk.internal.reflect.NativeMethodAccessorImpl.invoke(NativeMethodAccessorImpl.java:62)


	at java.base/jdk.internal.reflect.DelegatingMethodAccessorImpl.invoke(DelegatingMethodAccessorImpl.java:43)


	at java.base/java.lang.reflect.Method.invoke(Method.java:566)


	at net.thucydides.core.steps.StepInterceptor.invokeMethod(StepInterceptor.java:492)


	at net.thucydides.core.steps.StepInterceptor.executeTestStepMethod(StepInterceptor.java:472)


	at net.thucydides.core.steps.StepInterceptor.runTestStep(StepInterceptor.java:445)


	at net.thucydides.core.steps.StepInterceptor.runOrSkipMethod(StepInterceptor.java:201)


	at net.thucydides.core.steps.StepInterceptor.testStepResult(StepInterceptor.java:188)


	at net.thucydides.core.steps.StepInterceptor.intercept(StepInterceptor.java:76)


	at net.thucydides.core.steps.ProxyConfiguration$InterceptorDispatcher.intercept(ProxyConfiguration.java:51)


	at rest.api@1.0-SNAPSHOT/Starter.Login.PostLogin$ByteBuddy$eyrKlJqU.loginusingvalidemailandpassword(Unknown Source)


	at rest.api@1.0-SNAPSHOT/Starter.StepDefinitions.LoginSteps.loginusingvalidemailandpassword(LoginSteps.java:20)


	at java.base/jdk.internal.reflect.NativeMethodAccessorImpl.invoke0(Native Method)


	at java.base/jdk.internal.reflect.NativeMethodAccessorImpl.invoke(NativeMethodAccessorImpl.java:62)


	at java.base/jdk.internal.reflect.DelegatingMethodAccessorImpl.invoke(DelegatingMethodAccessorImpl.java:43)


	at java.base/java.lang.reflect.Method.invoke(Method.java:566)


	at io.cucumber.java.Invoker.doInvoke(Invoker.java:66)


	at io.cucumber.java.Invoker.invoke(Invoker.java:24)


	at io.cucumber.java.AbstractGlueDefinition.invokeMethod(AbstractGlueDefinition.java:47)


	at io.cucumber.java.JavaStepDefinition.execute(JavaStepDefinition.java:29)


	at io.cucumber.core.runner.CoreStepDefinition.execute(CoreStepDefinition.java:66)


	at io.cucumber.core.runner.PickleStepDefinitionMatch.runStep(PickleStepDefinitionMatch.java:63)


	at io.cucumber.core.runner.ExecutionMode$1.execute(ExecutionMode.java:10)


	at io.cucumber.core.runner.TestStep.executeStep(TestStep.java:92)


	at io.cucumber.core.runner.TestStep.run(TestStep.java:64)


	at io.cucumber.core.runner.PickleStepTestStep.run(PickleStepTestStep.java:51)


	at io.cucumber.core.runner.TestCase.run(TestCase.java:104)


	at io.cucumber.core.runner.Runner.runPickle(Runner.java:73)


	at io.cucumber.junit.PickleRunners$NoStepDescriptions.run(PickleRunners.java:151)


	at io.cucumber.junit.FeatureRunner.runChild(FeatureRunner.java:135)


	at io.cucumber.junit.FeatureRunner.runChild(FeatureRunner.java:27)


	at org.junit.runners.ParentRunner$4.run(ParentRunner.java:331)


	at org.junit.runners.ParentRunner$1.schedule(ParentRunner.java:79)


	at org.junit.runners.ParentRunner.runChildren(ParentRunner.java:329)


	at org.junit.runners.ParentRunner.access$100(ParentRunner.java:66)


	at org.junit.runners.ParentRunner$2.evaluate(ParentRunner.java:293)


	at org.junit.runners.ParentRunner$3.evaluate(ParentRunner.java:306)


	at org.junit.runners.ParentRunner.run(ParentRunner.java:413)


	at io.cucumber.junit.CucumberSerenityRunner.runChild(CucumberSerenityRunner.java:258)


	at io.cucumber.junit.CucumberSerenityRunner.runChild(CucumberSerenityRunner.java:57)


	at org.junit.runners.ParentRunner$4.run(ParentRunner.java:331)


	at org.apache.maven.surefire.junitcore.pc.Scheduler$1.run(Scheduler.java:405)


	at org.apache.maven.surefire.junitcore.pc.InvokerStrategy.schedule(InvokerStrategy.java:54)


	at org.apache.maven.surefire.junitcore.pc.Scheduler.schedule(Scheduler.java:362)


	at org.junit.runners.ParentRunner.runChildren(ParentRunner.java:329)


	at org.junit.runners.ParentRunner.access$100(ParentRunner.java:66)


	at org.junit.runners.ParentRunner$2.evaluate(ParentRunner.java:293)


	at io.cucumber.junit.CucumberSerenityRunner$RunCucumber.evaluate(CucumberSerenityRunner.java:286)


	at org.junit.runners.ParentRunner$3.evaluate(ParentRunner.java:306)


	at org.junit.runners.ParentRunner.run(ParentRunner.java:413)


	at org.junit.runners.Suite.runChild(Suite.java:128)


	at org.junit.runners.Suite.runChild(Suite.java:27)


	at org.junit.runners.ParentRunner$4.run(ParentRunner.java:331)


	at org.apache.maven.surefire.junitcore.pc.Scheduler$1.run(Scheduler.java:405)


	at java.base/java.util.concurrent.Executors$RunnableAdapter.call(Executors.java:515)


	at java.base/java.util.concurrent.FutureTask.run(FutureTask.java:264)


	at java.base/java.util.concurrent.ThreadPoolExecutor.runWorker(ThreadPoolExecutor.java:1128)


	at java.base/java.util.concurrent.ThreadPoolExecutor$Worker.run(ThreadPoolExecutor.java:628)


	at java.base/java.lang.Thread.run(Thread.java:834)




java.lang.RuntimeException: Some exception during recording fields


	at net.serenitybdd.rest.filters.FieldsRecordingFilter.filter(FieldsRecordingFilter.java:52)


	at io.restassured.filter.Filter$filter.call(Unknown Source)


	at io.restassured.internal.filter.FilterContextImpl.next(FilterContextImpl.groovy:72)


	at io.restassured.filter.log.RequestLoggingFilter.filter(RequestLoggingFilter.java:140)


	at net.serenitybdd.rest.filters.FieldsRecordingFilter.filter(FieldsRecordingFilter.java:40)


	at io.restassured.filter.Filter$filter.call(Unknown Source)


	at io.restassured.internal.filter.FilterContextImpl.next(FilterContextImpl.groovy:72)


	at io.restassured.filter.log.RequestLoggingFilter.filter(RequestLoggingFilter.java:140)


	at net.serenitybdd.rest.filters.FieldsRecordingFilter.filter(FieldsRecordingFilter.java:40)


	at io.restassured.filter.Filter$filter.call(Unknown Source)


	at io.restassured.internal.filter.FilterContextImpl.next(FilterContextImpl.groovy:72)


	at io.restassured.filter.log.RequestLoggingFilter.filter(RequestLoggingFilter.java:140)


	at net.serenitybdd.rest.filters.FieldsRecordingFilter.filter(FieldsRecordingFilter.java:40)


	at io.restassured.filter.Filter$filter.call(Unknown Source)


	at io.restassured.internal.filter.FilterContextImpl.next(FilterContextImpl.groovy:72)


	at io.restassured.filter.log.RequestLoggingFilter.filter(RequestLoggingFilter.java:140)


	at net.serenitybdd.rest.filters.FieldsRecordingFilter.filter(FieldsRecordingFilter.java:40)


	at io.restassured.filter.Filter$filter.call(Unknown Source)


	at io.restassured.internal.filter.FilterContextImpl.next(FilterContextImpl.groovy:72)


	at io.restassured.filter.log.RequestLoggingFilter.filter(RequestLoggingFilter.java:140)


	at net.serenitybdd.rest.filters.FieldsRecordingFilter.filter(FieldsRecordingFilter.java:40)


	at io.restassured.filter.Filter$filter.call(Unknown Source)


	at org.codehaus.groovy.runtime.callsite.CallSiteArray.defaultCall(CallSiteArray.java:47)


	at io.restassured.filter.Filter$filter$0.call(Unknown Source)


	at io.restassured.internal.filter.FilterContextImpl.next(FilterContextImpl.groovy:72)


	at io.restassured.filter.FilterContext$next.call(Unknown Source)


	at io.restassured.internal.RequestSpecificationImpl.applyPathParamsAndSendRequest(RequestSpecificationImpl.groovy:1655)


	at java.base/jdk.internal.reflect.NativeMethodAccessorImpl.invoke0(Native Method)


	at java.base/jdk.internal.reflect.NativeMethodAccessorImpl.invoke(NativeMethodAccessorImpl.java:62)


	at java.base/jdk.internal.reflect.DelegatingMethodAccessorImpl.invoke(DelegatingMethodAccessorImpl.java:43)


	at java.base/java.lang.reflect.Method.invoke(Method.java:566)


	at org.codehaus.groovy.reflection.CachedMethod.invoke(CachedMethod.java:107)


	at groovy.lang.MetaMethod.doMethodInvoke(MetaMethod.java:323)


	at groovy.lang.MetaClassImpl.invokeMethod(MetaClassImpl.java:1267)


	at groovy.lang.MetaClassImpl.invokeMethod(MetaClassImpl.java:1034)


	at groovy.lang.MetaClassImpl.invokeMethod(MetaClassImpl.java:818)


	at groovy.lang.GroovyObject.invokeMethod(GroovyObject.java:39)


	at org.codehaus.groovy.runtime.callsite.PogoInterceptableSite.call(PogoInterceptableSite.java:45)


	at org.codehaus.groovy.runtime.callsite.PogoInterceptableSite.callCurrent(PogoInterceptableSite.java:55)


	at org.codehaus.groovy.runtime.callsite.AbstractCallSite.callCurrent(AbstractCallSite.java:203)


	at io.restassured.internal.RequestSpecificationImpl.applyPathParamsAndSendRequest(RequestSpecificationImpl.groovy:1661)


	at java.base/jdk.internal.reflect.NativeMethodAccessorImpl.invoke0(Native Method)


	at java.base/jdk.internal.reflect.NativeMethodAccessorImpl.invoke(NativeMethodAccessorImpl.java:62)


	at java.base/jdk.internal.reflect.DelegatingMethodAccessorImpl.invoke(DelegatingMethodAccessorImpl.java:43)


	at java.base/java.lang.reflect.Method.invoke(Method.java:566)


	at org.codehaus.groovy.reflection.CachedMethod.invoke(CachedMethod.java:107)


	at groovy.lang.MetaMethod.doMethodInvoke(MetaMethod.java:323)


	at groovy.lang.MetaClassImpl.invokeMethod(MetaClassImpl.java:1267)


	at groovy.lang.MetaClassImpl.invokeMethod(MetaClassImpl.java:1034)


	at groovy.lang.MetaClassImpl.invokeMethod(MetaClassImpl.java:818)


	at groovy.lang.GroovyObject.invokeMethod(GroovyObject.java:39)


	at org.codehaus.groovy.runtime.callsite.PogoInterceptableSite.call(PogoInterceptableSite.java:45)


	at org.codehaus.groovy.runtime.callsite.PogoInterceptableSite.callCurrent(PogoInterceptableSite.java:55)


	at org.codehaus.groovy.runtime.callsite.AbstractCallSite.callCurrent(AbstractCallSite.java:203)


	at io.restassured.internal.RequestSpecificationImpl.post(RequestSpecificationImpl.groovy:175)


	at net.serenitybdd.rest.decorators.request.RequestSpecificationDecorated.executeCall(RequestSpecificationDecorated.java:309)


	at net.serenitybdd.rest.decorators.request.RequestSpecificationDecorated.execute(RequestSpecificationDecorated.java:268)


	at net.serenitybdd.rest.decorators.request.RequestSpecificationDecorated.post(RequestSpecificationDecorated.java:120)


	at net.serenitybdd.rest.decorators.request.RequestSpecificationDecorated.post(RequestSpecificationDecorated.java:38)


	at rest.api@1.0-SNAPSHOT/Starter.Register.PostRegist.registusingvalidemailandpassword(PostRegist.java:31)


	at rest.api@1.0-SNAPSHOT/Starter.Register.PostRegist$ByteBuddy$siQ1LhJi.registusingvalidemailandpassword$accessor$ETLm8KIb(Unknown Source)


	at java.base/jdk.internal.reflect.NativeMethodAccessorImpl.invoke0(Native Method)


	at java.base/jdk.internal.reflect.NativeMethodAccessorImpl.invoke(NativeMethodAccessorImpl.java:62)


	at java.base/jdk.internal.reflect.DelegatingMethodAccessorImpl.invoke(DelegatingMethodAccessorImpl.java:43)


	at java.base/java.lang.reflect.Method.invoke(Method.java:566)


	at net.thucydides.core.steps.StepInterceptor.invokeMethod(StepInterceptor.java:492)


	at net.thucydides.core.steps.StepInterceptor.executeTestStepMethod(StepInterceptor.java:472)


	at net.thucydides.core.steps.StepInterceptor.runTestStep(StepInterceptor.java:445)


	at net.thucydides.core.steps.StepInterceptor.runOrSkipMethod(StepInterceptor.java:201)


	at net.thucydides.core.steps.StepInterceptor.testStepResult(StepInterceptor.java:188)


	at net.thucydides.core.steps.StepInterceptor.intercept(StepInterceptor.java:76)


	at net.thucydides.core.steps.ProxyConfiguration$InterceptorDispatcher.intercept(ProxyConfiguration.java:51)


	at rest.api@1.0-SNAPSHOT/Starter.Register.PostRegist$ByteBuddy$siQ1LhJi.registusingvalidemailandpassword(Unknown Source)


	at rest.api@1.0-SNAPSHOT/Starter.StepDefinitions.RegisStep.loginusingvalidemailandpassword(RegisStep.java:19)


	at ?.user regist using valid data(file:///D:/Capstone/REST%20API%20CAPSTONE/src/test/resources/api/Register.feature:5)


Caused by: java.net.SocketTimeoutException: Read timed out


	at java.base/java.net.SocketInputStream.socketRead0(Native Method)


	at java.base/java.net.SocketInputStream.socketRead(SocketInputStream.java:115)


	at java.base/java.net.SocketInputStream.read(SocketInputStream.java:168)


	at java.base/java.net.SocketInputStream.read(SocketInputStream.java:140)


	at java.base/sun.security.ssl.SSLSocketInputRecord.read(SSLSocketInputRecord.java:478)


	at java.base/sun.security.ssl.SSLSocketInputRecord.readHeader(SSLSocketInputRecord.java:472)


	at java.base/sun.security.ssl.SSLSocketInputRecord.decode(SSLSocketInputRecord.java:160)


	at java.base/sun.security.ssl.SSLTransport.decode(SSLTransport.java:111)


	at java.base/sun.security.ssl.SSLSocketImpl.decode(SSLSocketImpl.java:1377)


	at java.base/sun.security.ssl.SSLSocketImpl.readHandshakeRecord(SSLSocketImpl.java:1290)


	at java.base/sun.security.ssl.SSLSocketImpl.startHandshake(SSLSocketImpl.java:411)


	at java.base/sun.security.ssl.SSLSocketImpl.startHandshake(SSLSocketImpl.java:383)


	at org.apache.http.conn.ssl.SSLSocketFactory.createLayeredSocket(SSLSocketFactory.java:573)


	at org.apache.http.conn.ssl.SSLSocketFactory.connectSocket(SSLSocketFactory.java:557)


	at org.apache.http.conn.ssl.SSLSocketFactory.connectSocket(SSLSocketFactory.java:414)


	at org.apache.http.impl.conn.DefaultClientConnectionOperator.openConnection(DefaultClientConnectionOperator.java:180)


	at org.apache.http.impl.conn.ManagedClientConnectionImpl.open(ManagedClientConnectionImpl.java:326)


	at org.apache.http.impl.client.DefaultRequestDirector.tryConnect(DefaultRequestDirector.java:610)


	at org.apache.http.impl.client.DefaultRequestDirector.execute(DefaultRequestDirector.java:445)


	at org.apache.http.impl.client.AbstractHttpClient.doExecute(AbstractHttpClient.java:835)


	at org.apache.http.impl.client.CloseableHttpClient.execute(CloseableHttpClient.java:83)


	at org.apache.http.impl.client.CloseableHttpClient.execute(CloseableHttpClient.java:56)


	at org.apache.http.client.HttpClient$execute$0.call(Unknown Source)


	at io.restassured.internal.RequestSpecificationImpl$RestAssuredHttpBuilder.doRequest(RequestSpecificationImpl.groovy:2055)


	at io.restassured.internal.http.HTTPBuilder.post(HTTPBuilder.java:350)


	at io.restassured.internal.http.HTTPBuilder$post$2.call(Unknown Source)


	at io.restassured.internal.RequestSpecificationImpl.sendRequest(RequestSpecificationImpl.groovy:1181)


	at java.base/jdk.internal.reflect.NativeMethodAccessorImpl.invoke0(Native Method)


	at java.base/jdk.internal.reflect.NativeMethodAccessorImpl.invoke(NativeMethodAccessorImpl.java:62)


	at java.base/jdk.internal.reflect.DelegatingMethodAccessorImpl.invoke(DelegatingMethodAccessorImpl.java:43)


	at java.base/java.lang.reflect.Method.invoke(Method.java:566)


	at org.codehaus.groovy.reflection.CachedMethod.invoke(CachedMethod.java:107)


	at groovy.lang.MetaMethod.doMethodInvoke(MetaMethod.java:323)


	at groovy.lang.MetaClassImpl.invokeMethod(MetaClassImpl.java:1267)


	at groovy.lang.MetaClassImpl.invokeMethod(MetaClassImpl.java:1034)


	at groovy.lang.MetaClassImpl.invokeMethod(MetaClassImpl.java:818)


	at groovy.lang.GroovyObject.invokeMethod(GroovyObject.java:39)


	at org.codehaus.groovy.runtime.callsite.PogoInterceptableSite.call(PogoInterceptableSite.java:45)


	at org.codehaus.groovy.runtime.callsite.AbstractCallSite.call(AbstractCallSite.java:166)


	at io.restassured.internal.filter.SendRequestFilter.filter(SendRequestFilter.groovy:30)


	at io.restassured.filter.Filter$filter$0.call(Unknown Source)


	at org.codehaus.groovy.runtime.callsite.CallSiteArray.defaultCall(CallSiteArray.java:47)


	at io.restassured.filter.Filter$filter.call(Unknown Source)


	at io.restassured.internal.filter.FilterContextImpl.next(FilterContextImpl.groovy:72)


	at io.restassured.filter.time.TimingFilter.filter(TimingFilter.java:56)


	at io.restassured.filter.Filter$filter.call(Unknown Source)


	at org.codehaus.groovy.runtime.callsite.CallSiteArray.defaultCall(CallSiteArray.java:47)


	at io.restassured.filter.Filter$filter.call(Unknown Source)


	at io.restassured.internal.filter.FilterContextImpl.next(FilterContextImpl.groovy:72)


	at io.restassured.filter.log.RequestLoggingFilter.filter(RequestLoggingFilter.java:140)


	at net.serenitybdd.rest.filters.FieldsRecordingFilter.filter(FieldsRecordingFilter.java:40)


	at io.restassured.filter.Filter$filter.call(Unknown Source)


	at io.restassured.internal.filter.FilterContextImpl.next(FilterContextImpl.groovy:72)


	at io.restassured.filter.log.RequestLoggingFilter.filter(RequestLoggingFilter.java:140)


	at net.serenitybdd.rest.filters.FieldsRecordingFilter.filter(FieldsRecordingFilter.java:40)


	at io.restassured.filter.Filter$filter.call(Unknown Source)


	at io.restassured.internal.filter.FilterContextImpl.next(FilterContextImpl.groovy:72)


	at io.restassured.filter.log.RequestLoggingFilter.filter(RequestLoggingFilter.java:140)


	at net.serenitybdd.rest.filters.FieldsRecordingFilter.filter(FieldsRecordingFilter.java:40)


	at io.restassured.filter.Filter$filter.call(Unknown Source)


	at io.restassured.internal.filter.FilterContextImpl.next(FilterContextImpl.groovy:72)


	at io.restassured.filter.log.RequestLoggingFilter.filter(RequestLoggingFilter.java:140)


	at net.serenitybdd.rest.filters.FieldsRecordingFilter.filter(FieldsRecordingFilter.java:40)


	at io.restassured.filter.Filter$filter.call(Unknown Source)


	at io.restassured.internal.filter.FilterContextImpl.next(FilterContextImpl.groovy:72)


	at io.restassured.filter.log.RequestLoggingFilter.filter(RequestLoggingFilter.java:140)


	at net.serenitybdd.rest.filters.FieldsRecordingFilter.filter(FieldsRecordingFilter.java:40)


	at io.restassured.filter.Filter$filter.call(Unknown Source)


	at io.restassured.internal.filter.FilterContextImpl.next(FilterContextImpl.groovy:72)


	at io.restassured.filter.log.RequestLoggingFilter.filter(RequestLoggingFilter.java:140)


	at net.serenitybdd.rest.filters.FieldsRecordingFilter.filter(FieldsRecordingFilter.java:40)


	at io.restassured.filter.Filter$filter.call(Unknown Source)


	at org.codehaus.groovy.runtime.callsite.CallSiteArray.defaultCall(CallSiteArray.java:47)


	at io.restassured.filter.Filter$filter$0.call(Unknown Source)


	at io.restassured.internal.filter.FilterContextImpl.next(FilterContextImpl.groovy:72)


	at io.restassured.filter.FilterContext$next.call(Unknown Source)


	at io.restassured.internal.RequestSpecificationImpl.applyPathParamsAndSendRequest(RequestSpecificationImpl.groovy:1655)


	at java.base/jdk.internal.reflect.NativeMethodAccessorImpl.invoke0(Native Method)


	at java.base/jdk.internal.reflect.NativeMethodAccessorImpl.invoke(NativeMethodAccessorImpl.java:62)


	at java.base/jdk.internal.reflect.DelegatingMethodAccessorImpl.invoke(DelegatingMethodAccessorImpl.java:43)


	at java.base/java.lang.reflect.Method.invoke(Method.java:566)


	at org.codehaus.groovy.reflection.CachedMethod.invoke(CachedMethod.java:107)


	at groovy.lang.MetaMethod.doMethodInvoke(MetaMethod.java:323)


	at groovy.lang.MetaClassImpl.invokeMethod(MetaClassImpl.java:1267)


	at groovy.lang.MetaClassImpl.invokeMethod(MetaClassImpl.java:1034)


	at groovy.lang.MetaClassImpl.invokeMethod(MetaClassImpl.java:818)


	at groovy.lang.GroovyObject.invokeMethod(GroovyObject.java:39)


	at org.codehaus.groovy.runtime.callsite.PogoInterceptableSite.call(PogoInterceptableSite.java:45)


	at org.codehaus.groovy.runtime.callsite.PogoInterceptableSite.callCurrent(PogoInterceptableSite.java:55)


	at org.codehaus.groovy.runtime.callsite.AbstractCallSite.callCurrent(AbstractCallSite.java:203)


	at io.restassured.internal.RequestSpecificationImpl.applyPathParamsAndSendRequest(RequestSpecificationImpl.groovy:1661)


	at java.base/jdk.internal.reflect.NativeMethodAccessorImpl.invoke0(Native Method)


	at java.base/jdk.internal.reflect.NativeMethodAccessorImpl.invoke(NativeMethodAccessorImpl.java:62)


	at java.base/jdk.internal.reflect.DelegatingMethodAccessorImpl.invoke(DelegatingMethodAccessorImpl.java:43)


	at java.base/java.lang.reflect.Method.invoke(Method.java:566)


	at org.codehaus.groovy.reflection.CachedMethod.invoke(CachedMethod.java:107)


	at groovy.lang.MetaMethod.doMethodInvoke(MetaMethod.java:323)


	at groovy.lang.MetaClassImpl.invokeMethod(MetaClassImpl.java:1267)


	at groovy.lang.MetaClassImpl.invokeMethod(MetaClassImpl.java:1034)


	at groovy.lang.MetaClassImpl.invokeMethod(MetaClassImpl.java:818)


	at groovy.lang.GroovyObject.invokeMethod(GroovyObject.java:39)


	at org.codehaus.groovy.runtime.callsite.PogoInterceptableSite.call(PogoInterceptableSite.java:45)


	at org.codehaus.groovy.runtime.callsite.PogoInterceptableSite.callCurrent(PogoInterceptableSite.java:55)


	at org.codehaus.groovy.runtime.callsite.AbstractCallSite.callCurrent(AbstractCallSite.java:203)


	at io.restassured.internal.RequestSpecificationImpl.post(RequestSpecificationImpl.groovy:175)


	at net.serenitybdd.rest.decorators.request.RequestSpecificationDecorated.executeCall(RequestSpecificationDecorated.java:309)


	at net.serenitybdd.rest.decorators.request.RequestSpecificationDecorated.execute(RequestSpecificationDecorated.java:268)


	at net.serenitybdd.rest.decorators.request.RequestSpecificationDecorated.post(RequestSpecificationDecorated.java:120)


	at net.serenitybdd.rest.decorators.request.RequestSpecificationDecorated.post(RequestSpecificationDecorated.java:38)


	at rest.api@1.0-SNAPSHOT/Starter.Register.PostRegist.registusingvalidemailandpassword(PostRegist.java:31)


	at rest.api@1.0-SNAPSHOT/Starter.Register.PostRegist$ByteBuddy$siQ1LhJi.registusingvalidemailandpassword$accessor$ETLm8KIb(Unknown Source)


	at java.base/jdk.internal.reflect.NativeMethodAccessorImpl.invoke0(Native Method)


	at java.base/jdk.internal.reflect.NativeMethodAccessorImpl.invoke(NativeMethodAccessorImpl.java:62)


	at java.base/jdk.internal.reflect.DelegatingMethodAccessorImpl.invoke(DelegatingMethodAccessorImpl.java:43)


	at java.base/java.lang.reflect.Method.invoke(Method.java:566)


	at net.thucydides.core.steps.StepInterceptor.invokeMethod(StepInterceptor.java:492)


	at net.thucydides.core.steps.StepInterceptor.executeTestStepMethod(StepInterceptor.java:472)


	at net.thucydides.core.steps.StepInterceptor.runTestStep(StepInterceptor.java:445)


	at net.thucydides.core.steps.StepInterceptor.runOrSkipMethod(StepInterceptor.java:201)


	at net.thucydides.core.steps.StepInterceptor.testStepResult(StepInterceptor.java:188)


	at net.thucydides.core.steps.StepInterceptor.intercept(StepInterceptor.java:76)


	at net.thucydides.core.steps.ProxyConfiguration$InterceptorDispatcher.intercept(ProxyConfiguration.java:51)


	at rest.api@1.0-SNAPSHOT/Starter.Register.PostRegist$ByteBuddy$siQ1LhJi.registusingvalidemailandpassword(Unknown Source)


	at rest.api@1.0-SNAPSHOT/Starter.StepDefinitions.RegisStep.loginusingvalidemailandpassword(RegisStep.java:19)


	at java.base/jdk.internal.reflect.NativeMethodAccessorImpl.invoke0(Native Method)


	at java.base/jdk.internal.reflect.NativeMethodAccessorImpl.invoke(NativeMethodAccessorImpl.java:62)


	at java.base/jdk.internal.reflect.DelegatingMethodAccessorImpl.invoke(DelegatingMethodAccessorImpl.java:43)


	at java.base/java.lang.reflect.Method.invoke(Method.java:566)


	at io.cucumber.java.Invoker.doInvoke(Invoker.java:66)


	at io.cucumber.java.Invoker.invoke(Invoker.java:24)


	at io.cucumber.java.AbstractGlueDefinition.invokeMethod(AbstractGlueDefinition.java:47)


	at io.cucumber.java.JavaStepDefinition.execute(JavaStepDefinition.java:29)


	at io.cucumber.core.runner.CoreStepDefinition.execute(CoreStepDefinition.java:66)


	at io.cucumber.core.runner.PickleStepDefinitionMatch.runStep(PickleStepDefinitionMatch.java:63)


	at io.cucumber.core.runner.ExecutionMode$1.execute(ExecutionMode.java:10)


	at io.cucumber.core.runner.TestStep.executeStep(TestStep.java:92)


	at io.cucumber.core.runner.TestStep.run(TestStep.java:64)


	at io.cucumber.core.runner.PickleStepTestStep.run(PickleStepTestStep.java:51)


	at io.cucumber.core.runner.TestCase.run(TestCase.java:104)


	at io.cucumber.core.runner.Runner.runPickle(Runner.java:73)


	at io.cucumber.junit.PickleRunners$NoStepDescriptions.run(PickleRunners.java:151)


	at io.cucumber.junit.FeatureRunner.runChild(FeatureRunner.java:135)


	at io.cucumber.junit.FeatureRunner.runChild(FeatureRunner.java:27)


	at org.junit.runners.ParentRunner$4.run(ParentRunner.java:331)


	at org.junit.runners.ParentRunner$1.schedule(ParentRunner.java:79)


	at org.junit.runners.ParentRunner.runChildren(ParentRunner.java:329)


	at org.junit.runners.ParentRunner.access$100(ParentRunner.java:66)


	at org.junit.runners.ParentRunner$2.evaluate(ParentRunner.java:293)


	at org.junit.runners.ParentRunner$3.evaluate(ParentRunner.java:306)


	at org.junit.runners.ParentRunner.run(ParentRunner.java:413)


	at io.cucumber.junit.CucumberSerenityRunner.runChild(CucumberSerenityRunner.java:258)


	at io.cucumber.junit.CucumberSerenityRunner.runChild(CucumberSerenityRunner.java:57)


	at org.junit.runners.ParentRunner$4.run(ParentRunner.java:331)


	at org.apache.maven.surefire.junitcore.pc.Scheduler$1.run(Scheduler.java:405)


	at org.apache.maven.surefire.junitcore.pc.InvokerStrategy.schedule(InvokerStrategy.java:54)


	at org.apache.maven.surefire.junitcore.pc.Scheduler.schedule(Scheduler.java:362)


	at org.junit.runners.ParentRunner.runChildren(ParentRunner.java:329)


	at org.junit.runners.ParentRunner.access$100(ParentRunner.java:66)


	at org.junit.runners.ParentRunner$2.evaluate(ParentRunner.java:293)


	at io.cucumber.junit.CucumberSerenityRunner$RunCucumber.evaluate(CucumberSerenityRunner.java:286)


	at org.junit.runners.ParentRunner$3.evaluate(ParentRunner.java:306)


	at org.junit.runners.ParentRunner.run(ParentRunner.java:413)


	at org.junit.runners.Suite.runChild(Suite.java:128)


	at org.junit.runners.Suite.runChild(Suite.java:27)


	at org.junit.runners.ParentRunner$4.run(ParentRunner.java:331)


	at org.apache.maven.surefire.junitcore.pc.Scheduler$1.run(Scheduler.java:405)


	at java.base/java.util.concurrent.Executors$RunnableAdapter.call(Executors.java:515)


	at java.base/java.util.concurrent.FutureTask.run(FutureTask.java:264)


	at java.base/java.util.concurrent.ThreadPoolExecutor.runWorker(ThreadPoolExecutor.java:1128)


	at java.base/java.util.concurrent.ThreadPoolExecutor$Worker.run(ThreadPoolExecutor.java:628)


	at java.base/java.lang.Thread.run(Thread.java:834)






00:29:03.123 [pool-2-thread-1] DEBUG net.thucydides.core.reports.ReportService - Reporting formats: [JSON, HTML]

00:29:03.419 [pool-2-thread-1] DEBUG net.thucydides.core.reports.ReportService - Reporting formats: [JSON, HTML]

00:29:03.447 [pool-2-thread-1] DEBUG net.thucydides.core.reports.ReportService - Generating reports for 2 test outcomes using: net.thucydides.core.reports.json.JSONTestOutcomeReporter@3b4e5c40

00:29:03.595 [pool-2-thread-1] DEBUG net.thucydides.core.reports.ReportService - Processing test outcome As a user on login page:User input valid email and password

00:29:03.626 [pool-2-thread-1] INFO net.thucydides.core.reports.ReportService - net.thucydides.core.reports.json.JSONTestOutcomeReporter@3b4e5c40: Generating report for test outcome: As a user on login page:User input valid email and password

00:29:03.630 [pool-2-thread-2] DEBUG net.thucydides.core.reports.ReportService - Processing test outcome As a user on register page:User register with valid data

00:29:03.630 [pool-2-thread-2] INFO net.thucydides.core.reports.ReportService - net.thucydides.core.reports.json.JSONTestOutcomeReporter@3b4e5c40: Generating report for test outcome: As a user on register page:User register with valid data

00:29:03.695 [pool-2-thread-2] DEBUG net.thucydides.core.reports.json.JSONTestOutcomeReporter - Generating JSON report for User register with valid data to file D:\Capstone\REST API CAPSTONE\target\site\serenity\e6851169e2bf5ea5142f259de15285d31c1fb7fd33f67903bef670a08db24b67.json (using temp file D:\Capstone\REST API CAPSTONE\target\site\serenity\e6851169e2bf5ea5142f259de15285d31c1fb7fd33f67903bef670a08db24b67.json11493de6-3e60-4475-9358-058fbc5c4b2a)

00:29:03.774 [pool-2-thread-1] DEBUG net.thucydides.core.reports.json.JSONTestOutcomeReporter - Generating JSON report for User input valid email and password to file D:\Capstone\REST API CAPSTONE\target\site\serenity\b5b5431d8b6e20d5cffbcf71ec59506106c6122872620d160bc75c0a719257c6.json (using temp file D:\Capstone\REST API CAPSTONE\target\site\serenity\b5b5431d8b6e20d5cffbcf71ec59506106c6122872620d160bc75c0a719257c6.jsonb37a6124-b515-4453-9ee6-f781e354031a)

00:29:04.006 [pool-2-thread-1] DEBUG net.thucydides.core.reports.ReportService - Processing test outcome As a user on login page:User input valid email and password done

00:29:04.075 [pool-2-thread-2] DEBUG net.thucydides.core.reports.ReportService - Processing test outcome As a user on register page:User register with valid data done

00:29:04.075 [pool-2-thread-1] DEBUG net.thucydides.core.reports.ReportService - Shutting down executor service

00:29:04.076 [pool-2-thread-1] DEBUG net.thucydides.core.reports.ReportService - Reports generated in: 602 ms

00:29:04.076 [pool-2-thread-1] DEBUG net.thucydides.core.reports.ReportService - Generating reports for 2 test outcomes using: net.thucydides.core.reports.html.HtmlAcceptanceTestReporter@1481d6bc

00:29:04.142 [pool-3-thread-2] DEBUG net.thucydides.core.reports.ReportService - Processing test outcome As a user on register page:User register with valid data

00:29:04.142 [pool-3-thread-2] INFO net.thucydides.core.reports.ReportService - net.thucydides.core.reports.html.HtmlAcceptanceTestReporter@1481d6bc: Generating report for test outcome: As a user on register page:User register with valid data

00:29:04.144 [pool-3-thread-1] DEBUG net.thucydides.core.reports.ReportService - Processing test outcome As a user on login page:User input valid email and password

00:29:04.144 [pool-3-thread-1] INFO net.thucydides.core.reports.ReportService - net.thucydides.core.reports.html.HtmlAcceptanceTestReporter@1481d6bc: Generating report for test outcome: As a user on login page:User input valid email and password

00:29:04.226 [pool-3-thread-1] WARN net.thucydides.core.requirements.RequirementsTagProvider - Failed to load requirements: Illegal char <:> at index 4: file:\D:\Capstone\REST%20API%20CAPSTONE\src\test\resources\api\Login.feature
java.nio.file.InvalidPathException: Illegal char <:> at index 4: file:\D:\Capstone\REST%20API%20CAPSTONE\src\test\resources\api\Login.feature
	at java.base/sun.nio.fs.WindowsPathParser.normalize(WindowsPathParser.java:182)
	at java.base/sun.nio.fs.WindowsPathParser.parse(WindowsPathParser.java:153)
	at java.base/sun.nio.fs.WindowsPathParser.parse(WindowsPathParser.java:77)
	at java.base/sun.nio.fs.WindowsPath.parse(WindowsPath.java:92)
	at java.base/sun.nio.fs.WindowsFileSystem.getPath(WindowsFileSystem.java:229)
	at java.base/java.io.File.toPath(File.java:2329)
	at net.thucydides.core.requirements.RootDirectory.getRelativePathOf(RootDirectory.java:364)
	at net.thucydides.core.requirements.FileSystemRequirementsTagProvider.requirementWithMatchingPath(FileSystemRequirementsTagProvider.java:372)
	at net.thucydides.core.requirements.FileSystemRequirementsTagProvider.getParentRequirementOf(FileSystemRequirementsTagProvider.java:335)
	at net.thucydides.core.requirements.ParentRequirementsProvided.forOutcome(ParentRequirementsProvided.java:26)
	at net.thucydides.core.requirements.BaseRequirementsService.getParentRequirementOf(BaseRequirementsService.java:138)
	at net.thucydides.core.requirements.BaseRequirementsService.getParentRequirementFor(BaseRequirementsService.java:48)
	at net.thucydides.core.reports.html.HtmlAcceptanceTestReporter.addParentRequirmentFieldToContext(HtmlAcceptanceTestReporter.java:196)
	at net.thucydides.core.reports.html.HtmlAcceptanceTestReporter.addTestOutcomeToContext(HtmlAcceptanceTestReporter.java:190)
	at net.thucydides.core.reports.html.HtmlAcceptanceTestReporter.generateReportFor(HtmlAcceptanceTestReporter.java:105)
	at net.thucydides.core.reports.ReportService.generateReportFor(ReportService.java:246)
	at net.thucydides.core.reports.ReportService.lambda$generateReportsFor$0(ReportService.java:184)
	at java.base/java.util.concurrent.Executors$RunnableAdapter.call(Executors.java:515)
	at java.base/java.util.concurrent.FutureTask.run(FutureTask.java:264)
	at java.base/java.util.concurrent.ThreadPoolExecutor.runWorker(ThreadPoolExecutor.java:1128)
	at java.base/java.util.concurrent.ThreadPoolExecutor$Worker.run(ThreadPoolExecutor.java:628)
	at java.base/java.lang.Thread.run(Thread.java:834)

00:29:04.232 [pool-3-thread-1] WARN net.thucydides.core.requirements.RequirementsTagProvider - Failed to load requirements: Illegal char <:> at index 4: file:\D:\Capstone\REST%20API%20CAPSTONE\src\test\resources\api\Login.feature
java.nio.file.InvalidPathException: Illegal char <:> at index 4: file:\D:\Capstone\REST%20API%20CAPSTONE\src\test\resources\api\Login.feature
	at java.base/sun.nio.fs.WindowsPathParser.normalize(WindowsPathParser.java:182)
	at java.base/sun.nio.fs.WindowsPathParser.parse(WindowsPathParser.java:153)
	at java.base/sun.nio.fs.WindowsPathParser.parse(WindowsPathParser.java:77)
	at java.base/sun.nio.fs.WindowsPath.parse(WindowsPath.java:92)
	at java.base/sun.nio.fs.WindowsFileSystem.getPath(WindowsFileSystem.java:229)
	at java.base/java.io.File.toPath(File.java:2329)
	at net.thucydides.core.requirements.RootDirectory.getRelativePathOf(RootDirectory.java:364)
	at net.thucydides.core.requirements.FileSystemRequirementsTagProvider.requirementWithMatchingPath(FileSystemRequirementsTagProvider.java:372)
	at net.thucydides.core.requirements.FileSystemRequirementsTagProvider.getParentRequirementOf(FileSystemRequirementsTagProvider.java:335)
	at net.thucydides.core.requirements.ParentRequirementsProvided.forOutcome(ParentRequirementsProvided.java:26)
	at net.thucydides.core.requirements.BaseRequirementsService.getParentRequirementOf(BaseRequirementsService.java:138)
	at net.thucydides.core.requirements.BaseRequirementsService.getAncestorRequirementsFor(BaseRequirementsService.java:78)
	at net.thucydides.core.reports.html.HtmlAcceptanceTestReporter.addBreadcrumbs(HtmlAcceptanceTestReporter.java:226)
	at net.thucydides.core.reports.html.HtmlAcceptanceTestReporter.addParentRequirmentFieldToContext(HtmlAcceptanceTestReporter.java:214)
	at net.thucydides.core.reports.html.HtmlAcceptanceTestReporter.addTestOutcomeToContext(HtmlAcceptanceTestReporter.java:190)
	at net.thucydides.core.reports.html.HtmlAcceptanceTestReporter.generateReportFor(HtmlAcceptanceTestReporter.java:105)
	at net.thucydides.core.reports.ReportService.generateReportFor(ReportService.java:246)
	at net.thucydides.core.reports.ReportService.lambda$generateReportsFor$0(ReportService.java:184)
	at java.base/java.util.concurrent.Executors$RunnableAdapter.call(Executors.java:515)
	at java.base/java.util.concurrent.FutureTask.run(FutureTask.java:264)
	at java.base/java.util.concurrent.ThreadPoolExecutor.runWorker(ThreadPoolExecutor.java:1128)
	at java.base/java.util.concurrent.ThreadPoolExecutor$Worker.run(ThreadPoolExecutor.java:628)
	at java.base/java.lang.Thread.run(Thread.java:834)

00:29:04.240 [pool-3-thread-1] WARN net.thucydides.core.requirements.RequirementsTagProvider - Failed to load requirements: Illegal char <:> at index 4: file:\D:\Capstone\REST%20API%20CAPSTONE\src\test\resources\api\Login.feature
java.nio.file.InvalidPathException: Illegal char <:> at index 4: file:\D:\Capstone\REST%20API%20CAPSTONE\src\test\resources\api\Login.feature
	at java.base/sun.nio.fs.WindowsPathParser.normalize(WindowsPathParser.java:182)
	at java.base/sun.nio.fs.WindowsPathParser.parse(WindowsPathParser.java:153)
	at java.base/sun.nio.fs.WindowsPathParser.parse(WindowsPathParser.java:77)
	at java.base/sun.nio.fs.WindowsPath.parse(WindowsPath.java:92)
	at java.base/sun.nio.fs.WindowsFileSystem.getPath(WindowsFileSystem.java:229)
	at java.base/java.io.File.toPath(File.java:2329)
	at net.thucydides.core.requirements.RootDirectory.getRelativePathOf(RootDirectory.java:364)
	at net.thucydides.core.requirements.FileSystemRequirementsTagProvider.requirementWithMatchingPath(FileSystemRequirementsTagProvider.java:372)
	at net.thucydides.core.requirements.FileSystemRequirementsTagProvider.getParentRequirementOf(FileSystemRequirementsTagProvider.java:335)
	at net.thucydides.core.requirements.ParentRequirementsProvided.forOutcome(ParentRequirementsProvided.java:26)
	at net.thucydides.core.requirements.BaseRequirementsService.getParentRequirementOf(BaseRequirementsService.java:138)
	at net.thucydides.core.requirements.BaseRequirementsService.getAncestorRequirementsFor(BaseRequirementsService.java:78)
	at net.thucydides.core.tags.BreadcrumbTagFilter.getRequirementBreadcrumbsFrom(BreadcrumbTagFilter.java:51)
	at net.thucydides.core.reports.html.HtmlAcceptanceTestReporter.addBreadcrumbs(HtmlAcceptanceTestReporter.java:227)
	at net.thucydides.core.reports.html.HtmlAcceptanceTestReporter.addParentRequirmentFieldToContext(HtmlAcceptanceTestReporter.java:214)
	at net.thucydides.core.reports.html.HtmlAcceptanceTestReporter.addTestOutcomeToContext(HtmlAcceptanceTestReporter.java:190)
	at net.thucydides.core.reports.html.HtmlAcceptanceTestReporter.generateReportFor(HtmlAcceptanceTestReporter.java:105)
	at net.thucydides.core.reports.ReportService.generateReportFor(ReportService.java:246)
	at net.thucydides.core.reports.ReportService.lambda$generateReportsFor$0(ReportService.java:184)
	at java.base/java.util.concurrent.Executors$RunnableAdapter.call(Executors.java:515)
	at java.base/java.util.concurrent.FutureTask.run(FutureTask.java:264)
	at java.base/java.util.concurrent.ThreadPoolExecutor.runWorker(ThreadPoolExecutor.java:1128)
	at java.base/java.util.concurrent.ThreadPoolExecutor$Worker.run(ThreadPoolExecutor.java:628)
	at java.base/java.lang.Thread.run(Thread.java:834)

00:29:04.251 [pool-3-thread-2] WARN net.thucydides.core.requirements.RequirementsTagProvider - Failed to load requirements: Illegal char <:> at index 4: file:\D:\Capstone\REST%20API%20CAPSTONE\src\test\resources\api\Register.feature
java.nio.file.InvalidPathException: Illegal char <:> at index 4: file:\D:\Capstone\REST%20API%20CAPSTONE\src\test\resources\api\Register.feature
	at java.base/sun.nio.fs.WindowsPathParser.normalize(WindowsPathParser.java:182)
	at java.base/sun.nio.fs.WindowsPathParser.parse(WindowsPathParser.java:153)
	at java.base/sun.nio.fs.WindowsPathParser.parse(WindowsPathParser.java:77)
	at java.base/sun.nio.fs.WindowsPath.parse(WindowsPath.java:92)
	at java.base/sun.nio.fs.WindowsFileSystem.getPath(WindowsFileSystem.java:229)
	at java.base/java.io.File.toPath(File.java:2329)
	at net.thucydides.core.requirements.RootDirectory.getRelativePathOf(RootDirectory.java:364)
	at net.thucydides.core.requirements.FileSystemRequirementsTagProvider.requirementWithMatchingPath(FileSystemRequirementsTagProvider.java:372)
	at net.thucydides.core.requirements.FileSystemRequirementsTagProvider.getParentRequirementOf(FileSystemRequirementsTagProvider.java:335)
	at net.thucydides.core.requirements.ParentRequirementsProvided.forOutcome(ParentRequirementsProvided.java:26)
	at net.thucydides.core.requirements.BaseRequirementsService.getParentRequirementOf(BaseRequirementsService.java:138)
	at net.thucydides.core.requirements.BaseRequirementsService.getParentRequirementFor(BaseRequirementsService.java:48)
	at net.thucydides.core.reports.html.HtmlAcceptanceTestReporter.addParentRequirmentFieldToContext(HtmlAcceptanceTestReporter.java:196)
	at net.thucydides.core.reports.html.HtmlAcceptanceTestReporter.addTestOutcomeToContext(HtmlAcceptanceTestReporter.java:190)
	at net.thucydides.core.reports.html.HtmlAcceptanceTestReporter.generateReportFor(HtmlAcceptanceTestReporter.java:105)
	at net.thucydides.core.reports.ReportService.generateReportFor(ReportService.java:246)
	at net.thucydides.core.reports.ReportService.lambda$generateReportsFor$0(ReportService.java:184)
	at java.base/java.util.concurrent.Executors$RunnableAdapter.call(Executors.java:515)
	at java.base/java.util.concurrent.FutureTask.run(FutureTask.java:264)
	at java.base/java.util.concurrent.ThreadPoolExecutor.runWorker(ThreadPoolExecutor.java:1128)
	at java.base/java.util.concurrent.ThreadPoolExecutor$Worker.run(ThreadPoolExecutor.java:628)
	at java.base/java.lang.Thread.run(Thread.java:834)

00:29:04.254 [pool-3-thread-2] WARN net.thucydides.core.requirements.RequirementsTagProvider - Failed to load requirements: Illegal char <:> at index 4: file:\D:\Capstone\REST%20API%20CAPSTONE\src\test\resources\api\Register.feature
java.nio.file.InvalidPathException: Illegal char <:> at index 4: file:\D:\Capstone\REST%20API%20CAPSTONE\src\test\resources\api\Register.feature
	at java.base/sun.nio.fs.WindowsPathParser.normalize(WindowsPathParser.java:182)
	at java.base/sun.nio.fs.WindowsPathParser.parse(WindowsPathParser.java:153)
	at java.base/sun.nio.fs.WindowsPathParser.parse(WindowsPathParser.java:77)
	at java.base/sun.nio.fs.WindowsPath.parse(WindowsPath.java:92)
	at java.base/sun.nio.fs.WindowsFileSystem.getPath(WindowsFileSystem.java:229)
	at java.base/java.io.File.toPath(File.java:2329)
	at net.thucydides.core.requirements.RootDirectory.getRelativePathOf(RootDirectory.java:364)
	at net.thucydides.core.requirements.FileSystemRequirementsTagProvider.requirementWithMatchingPath(FileSystemRequirementsTagProvider.java:372)
	at net.thucydides.core.requirements.FileSystemRequirementsTagProvider.getParentRequirementOf(FileSystemRequirementsTagProvider.java:335)
	at net.thucydides.core.requirements.ParentRequirementsProvided.forOutcome(ParentRequirementsProvided.java:26)
	at net.thucydides.core.requirements.BaseRequirementsService.getParentRequirementOf(BaseRequirementsService.java:138)
	at net.thucydides.core.requirements.BaseRequirementsService.getAncestorRequirementsFor(BaseRequirementsService.java:78)
	at net.thucydides.core.reports.html.HtmlAcceptanceTestReporter.addBreadcrumbs(HtmlAcceptanceTestReporter.java:226)
	at net.thucydides.core.reports.html.HtmlAcceptanceTestReporter.addParentRequirmentFieldToContext(HtmlAcceptanceTestReporter.java:214)
	at net.thucydides.core.reports.html.HtmlAcceptanceTestReporter.addTestOutcomeToContext(HtmlAcceptanceTestReporter.java:190)
	at net.thucydides.core.reports.html.HtmlAcceptanceTestReporter.generateReportFor(HtmlAcceptanceTestReporter.java:105)
	at net.thucydides.core.reports.ReportService.generateReportFor(ReportService.java:246)
	at net.thucydides.core.reports.ReportService.lambda$generateReportsFor$0(ReportService.java:184)
	at java.base/java.util.concurrent.Executors$RunnableAdapter.call(Executors.java:515)
	at java.base/java.util.concurrent.FutureTask.run(FutureTask.java:264)
	at java.base/java.util.concurrent.ThreadPoolExecutor.runWorker(ThreadPoolExecutor.java:1128)
	at java.base/java.util.concurrent.ThreadPoolExecutor$Worker.run(ThreadPoolExecutor.java:628)
	at java.base/java.lang.Thread.run(Thread.java:834)

00:29:04.266 [pool-3-thread-2] WARN net.thucydides.core.requirements.RequirementsTagProvider - Failed to load requirements: Illegal char <:> at index 4: file:\D:\Capstone\REST%20API%20CAPSTONE\src\test\resources\api\Register.feature
java.nio.file.InvalidPathException: Illegal char <:> at index 4: file:\D:\Capstone\REST%20API%20CAPSTONE\src\test\resources\api\Register.feature
	at java.base/sun.nio.fs.WindowsPathParser.normalize(WindowsPathParser.java:182)
	at java.base/sun.nio.fs.WindowsPathParser.parse(WindowsPathParser.java:153)
	at java.base/sun.nio.fs.WindowsPathParser.parse(WindowsPathParser.java:77)
	at java.base/sun.nio.fs.WindowsPath.parse(WindowsPath.java:92)
	at java.base/sun.nio.fs.WindowsFileSystem.getPath(WindowsFileSystem.java:229)
	at java.base/java.io.File.toPath(File.java:2329)
	at net.thucydides.core.requirements.RootDirectory.getRelativePathOf(RootDirectory.java:364)
	at net.thucydides.core.requirements.FileSystemRequirementsTagProvider.requirementWithMatchingPath(FileSystemRequirementsTagProvider.java:372)
	at net.thucydides.core.requirements.FileSystemRequirementsTagProvider.getParentRequirementOf(FileSystemRequirementsTagProvider.java:335)
	at net.thucydides.core.requirements.ParentRequirementsProvided.forOutcome(ParentRequirementsProvided.java:26)
	at net.thucydides.core.requirements.BaseRequirementsService.getParentRequirementOf(BaseRequirementsService.java:138)
	at net.thucydides.core.requirements.BaseRequirementsService.getAncestorRequirementsFor(BaseRequirementsService.java:78)
	at net.thucydides.core.tags.BreadcrumbTagFilter.getRequirementBreadcrumbsFrom(BreadcrumbTagFilter.java:51)
	at net.thucydides.core.reports.html.HtmlAcceptanceTestReporter.addBreadcrumbs(HtmlAcceptanceTestReporter.java:227)
	at net.thucydides.core.reports.html.HtmlAcceptanceTestReporter.addParentRequirmentFieldToContext(HtmlAcceptanceTestReporter.java:214)
	at net.thucydides.core.reports.html.HtmlAcceptanceTestReporter.addTestOutcomeToContext(HtmlAcceptanceTestReporter.java:190)
	at net.thucydides.core.reports.html.HtmlAcceptanceTestReporter.generateReportFor(HtmlAcceptanceTestReporter.java:105)
	at net.thucydides.core.reports.ReportService.generateReportFor(ReportService.java:246)
	at net.thucydides.core.reports.ReportService.lambda$generateReportsFor$0(ReportService.java:184)
	at java.base/java.util.concurrent.Executors$RunnableAdapter.call(Executors.java:515)
	at java.base/java.util.concurrent.FutureTask.run(FutureTask.java:264)
	at java.base/java.util.concurrent.ThreadPoolExecutor.runWorker(ThreadPoolExecutor.java:1128)
	at java.base/java.util.concurrent.ThreadPoolExecutor$Worker.run(ThreadPoolExecutor.java:628)
	at java.base/java.lang.Thread.run(Thread.java:834)

00:29:06.011 [pool-3-thread-1] DEBUG serenity.reporting - Generating report in b5b5431d8b6e20d5cffbcf71ec59506106c6122872620d160bc75c0a719257c6.html

00:29:06.011 [pool-3-thread-2] DEBUG serenity.reporting - Generating report in e6851169e2bf5ea5142f259de15285d31c1fb7fd33f67903bef670a08db24b67.html

00:29:07.061 [pool-3-thread-2] DEBUG serenity.reporting - Generated report e6851169e2bf5ea5142f259de15285d31c1fb7fd33f67903bef670a08db24b67.html in 1050 ms

00:29:07.062 [pool-3-thread-2] DEBUG net.thucydides.core.reports.ReportService - Processing test outcome As a user on register page:User register with valid data done

00:29:07.064 [pool-3-thread-1] DEBUG serenity.reporting - Generated report b5b5431d8b6e20d5cffbcf71ec59506106c6122872620d160bc75c0a719257c6.html in 1053 ms

00:29:07.065 [pool-3-thread-1] DEBUG net.thucydides.core.reports.ReportService - Processing test outcome As a user on login page:User input valid email and password done

00:29:07.065 [pool-2-thread-1] DEBUG net.thucydides.core.reports.ReportService - Shutting down executor service

00:29:07.065 [pool-2-thread-1] DEBUG net.thucydides.core.reports.ReportService - Reports generated in: 2989 ms

00:29:07.434 [pool-2-thread-1] INFO io.cucumber.core.plugin.SerenityReporter - Cleanup test resources for URI file:///D:/Capstone/REST%20API%20CAPSTONE/src/test/resources/api/Login.feature

00:29:07.438 [pool-2-thread-1] INFO io.cucumber.core.plugin.SerenityReporter - Cleanup test resources for URI file:///D:/Capstone/REST%20API%20CAPSTONE/src/test/resources/api/Register.feature


Scenario: User register with valid data             &amp#27;[90m# src/test/resources/api/Register.feature:3&amp#27;[0m
00:28:43.297 [pool-2-thread-1] INFO io.cucumber.core.plugin.SerenityReporter - Running feature from file:///D:/Capstone/REST%20API%20CAPSTONE/src/test/resources/api/Register.feature
00:28:43.297 [pool-2-thread-1] WARN io.cucumber.core.plugin.SerenityReporter - Feature from file:///D:/Capstone/REST%20API%20CAPSTONE/src/test/resources/api/Register.feature is not under the 'features' directory. Requirements report will not be correctly generated!
00:28:43.301 [pool-2-thread-1] INFO  - 
  _____   ___   ___   _____     ___   _____     _     ___   _____   ___   ___  
 |_   _| | __| / __| |_   _|   / __| |_   _|   /_\   | _ \ |_   _| | __| |   \ 
   | |   | _|  \__ \   | |     \__ \   | |    / _ \  |   /   | |   | _|  | |) |
   |_|   |___| |___/   |_|     |___/   |_|   /_/ \_\ |_|_\   |_|   |___| |___/ 

User register with valid data(as-a-user-on-register-page;user-register-with-valid-data)
--------------------------------------------------------------------------------
00:28:43.326 [pool-2-thread-1] DEBUG net.thucydides.core.steps.StepInterceptor - STARTING STEP: RegisStep.postloginendpoints - user post regist endpoint1
00:28:43.326 [pool-2-thread-1] DEBUG net.thucydides.core.steps.StepInterceptor - STEP DONE: user post regist endpoint1
  &amp#27;[32mGiven &amp#27;[0m&amp#27;[32muser post regist endpoint1&amp#27;[0m                  &amp#27;[90m# Starter.StepDefinitions.RegisStep.postloginendpoints()&amp#27;[0m
00:28:43.333 [pool-2-thread-1] DEBUG net.thucydides.core.steps.StepInterceptor - STARTING STEP: RegisStep.loginusingvalidemailandpassword - user regist using valid data
00:28:43.711 [pool-2-thread-1] DEBUG net.thucydides.core.steps.StepInterceptor - STARTING STEP: PostRegist.registusingvalidemailandpassword - user post regist endpoint1
00:28:43.711 [pool-2-thread-1] DEBUG net.thucydides.core.steps.StepInterceptor - STEP DONE: user post regist endpoint1
  &amp#27;[31mWhen &amp#27;[0m&amp#27;[31muser regist using valid data&amp#27;[0m                 &amp#27;[90m# Starter.StepDefinitions.RegisStep.loginusingvalidemailandpassword()&amp#27;[0m
      &amp#27;[31mjava.lang.RuntimeException: Some exception during recording fields
	at net.serenitybdd.rest.filters.FieldsRecordingFilter.filter(FieldsRecordingFilter.java:52)
	at io.restassured.filter.Filter$filter.call(Unknown Source)
	at io.restassured.internal.filter.FilterContextImpl.next(FilterContextImpl.groovy:72)
	at io.restassured.filter.log.RequestLoggingFilter.filter(RequestLoggingFilter.java:140)
	at net.serenitybdd.rest.filters.FieldsRecordingFilter.filter(FieldsRecordingFilter.java:40)
	at io.restassured.filter.Filter$filter.call(Unknown Source)
	at io.restassured.internal.filter.FilterContextImpl.next(FilterContextImpl.groovy:72)
	at io.restassured.filter.log.RequestLoggingFilter.filter(RequestLoggingFilter.java:140)
	at net.serenitybdd.rest.filters.FieldsRecordingFilter.filter(FieldsRecordingFilter.java:40)
	at io.restassured.filter.Filter$filter.call(Unknown Source)
	at io.restassured.internal.filter.FilterContextImpl.next(FilterContextImpl.groovy:72)
	at io.restassured.filter.log.RequestLoggingFilter.filter(RequestLoggingFilter.java:140)
	at net.serenitybdd.rest.filters.FieldsRecordingFilter.filter(FieldsRecordingFilter.java:40)
	at io.restassured.filter.Filter$filter.call(Unknown Source)
	at io.restassured.internal.filter.FilterContextImpl.next(FilterContextImpl.groovy:72)
	at io.restassured.filter.log.RequestLoggingFilter.filter(RequestLoggingFilter.java:140)
	at net.serenitybdd.rest.filters.FieldsRecordingFilter.filter(FieldsRecordingFilter.java:40)
	at io.restassured.filter.Filter$filter.call(Unknown Source)
	at io.restassured.internal.filter.FilterContextImpl.next(FilterContextImpl.groovy:72)
	at io.restassured.filter.log.RequestLoggingFilter.filter(RequestLoggingFilter.java:140)
	at net.serenitybdd.rest.filters.FieldsRecordingFilter.filter(FieldsRecordingFilter.java:40)
	at io.restassured.filter.Filter$filter.call(Unknown Source)
	at org.codehaus.groovy.runtime.callsite.CallSiteArray.defaultCall(CallSiteArray.java:47)
	at io.restassured.filter.Filter$filter$0.call(Unknown Source)
	at io.restassured.internal.filter.FilterContextImpl.next(FilterContextImpl.groovy:72)
	at io.restassured.filter.FilterContext$next.call(Unknown Source)
	at io.restassured.internal.RequestSpecificationImpl.applyPathParamsAndSendRequest(RequestSpecificationImpl.groovy:1655)
	at java.base/jdk.internal.reflect.NativeMethodAccessorImpl.invoke0(Native Method)
	at java.base/jdk.internal.reflect.NativeMethodAccessorImpl.invoke(NativeMethodAccessorImpl.java:62)
	at java.base/jdk.internal.reflect.DelegatingMethodAccessorImpl.invoke(DelegatingMethodAccessorImpl.java:43)
	at java.base/java.lang.reflect.Method.invoke(Method.java:566)
	at org.codehaus.groovy.reflection.CachedMethod.invoke(CachedMethod.java:107)
	at groovy.lang.MetaMethod.doMethodInvoke(MetaMethod.java:323)
	at groovy.lang.MetaClassImpl.invokeMethod(MetaClassImpl.java:1267)
	at groovy.lang.MetaClassImpl.invokeMethod(MetaClassImpl.java:1034)
	at groovy.lang.MetaClassImpl.invokeMethod(MetaClassImpl.java:818)
	at groovy.lang.GroovyObject.invokeMethod(GroovyObject.java:39)
	at org.codehaus.groovy.runtime.callsite.PogoInterceptableSite.call(PogoInterceptableSite.java:45)
	at org.codehaus.groovy.runtime.callsite.PogoInterceptableSite.callCurrent(PogoInterceptableSite.java:55)
	at org.codehaus.groovy.runtime.callsite.AbstractCallSite.callCurrent(AbstractCallSite.java:203)
	at io.restassured.internal.RequestSpecificationImpl.applyPathParamsAndSendRequest(RequestSpecificationImpl.groovy:1661)
	at java.base/jdk.internal.reflect.NativeMethodAccessorImpl.invoke0(Native Method)
	at java.base/jdk.internal.reflect.NativeMethodAccessorImpl.invoke(NativeMethodAccessorImpl.java:62)
	at java.base/jdk.internal.reflect.DelegatingMethodAccessorImpl.invoke(DelegatingMethodAccessorImpl.java:43)
	at java.base/java.lang.reflect.Method.invoke(Method.java:566)
	at org.codehaus.groovy.reflection.CachedMethod.invoke(CachedMethod.java:107)
	at groovy.lang.MetaMethod.doMethodInvoke(MetaMethod.java:323)
	at groovy.lang.MetaClassImpl.invokeMethod(MetaClassImpl.java:1267)
	at groovy.lang.MetaClassImpl.invokeMethod(MetaClassImpl.java:1034)
	at groovy.lang.MetaClassImpl.invokeMethod(MetaClassImpl.java:818)
	at groovy.lang.GroovyObject.invokeMethod(GroovyObject.java:39)
	at org.codehaus.groovy.runtime.callsite.PogoInterceptableSite.call(PogoInterceptableSite.java:45)
	at org.codehaus.groovy.runtime.callsite.PogoInterceptableSite.callCurrent(PogoInterceptableSite.java:55)
	at org.codehaus.groovy.runtime.callsite.AbstractCallSite.callCurrent(AbstractCallSite.java:203)
	at io.restassured.internal.RequestSpecificationImpl.post(RequestSpecificationImpl.groovy:175)
	at net.serenitybdd.rest.decorators.request.RequestSpecificationDecorated.executeCall(RequestSpecificationDecorated.java:309)
	at net.serenitybdd.rest.decorators.request.RequestSpecificationDecorated.execute(RequestSpecificationDecorated.java:268)
	at net.serenitybdd.rest.decorators.request.RequestSpecificationDecorated.post(RequestSpecificationDecorated.java:120)
	at net.serenitybdd.rest.decorators.request.RequestSpecificationDecorated.post(RequestSpecificationDecorated.java:38)
	at rest.api@1.0-SNAPSHOT/Starter.Register.PostRegist.registusingvalidemailandpassword(PostRegist.java:31)
	at rest.api@1.0-SNAPSHOT/Starter.Register.PostRegist$ByteBuddy$siQ1LhJi.registusingvalidemailandpassword$accessor$ETLm8KIb(Unknown Source)
	at java.base/jdk.internal.reflect.NativeMethodAccessorImpl.invoke0(Native Method)
	at java.base/jdk.internal.reflect.NativeMethodAccessorImpl.invoke(NativeMethodAccessorImpl.java:62)
	at java.base/jdk.internal.reflect.DelegatingMethodAccessorImpl.invoke(DelegatingMethodAccessorImpl.java:43)
	at java.base/java.lang.reflect.Method.invoke(Method.java:566)
	at net.thucydides.core.steps.StepInterceptor.invokeMethod(StepInterceptor.java:492)
	at net.thucydides.core.steps.StepInterceptor.executeTestStepMethod(StepInterceptor.java:472)
	at net.thucydides.core.steps.StepInterceptor.runTestStep(StepInterceptor.java:445)
	at net.thucydides.core.steps.StepInterceptor.runOrSkipMethod(StepInterceptor.java:201)
	at net.thucydides.core.steps.StepInterceptor.testStepResult(StepInterceptor.java:188)
	at net.thucydides.core.steps.StepInterceptor.intercept(StepInterceptor.java:76)
	at net.thucydides.core.steps.ProxyConfiguration$InterceptorDispatcher.intercept(ProxyConfiguration.java:51)
	at rest.api@1.0-SNAPSHOT/Starter.Register.PostRegist$ByteBuddy$siQ1LhJi.registusingvalidemailandpassword(Unknown Source)
	at rest.api@1.0-SNAPSHOT/Starter.StepDefinitions.RegisStep.loginusingvalidemailandpassword(RegisStep.java:19)
	at âœ½.user regist using valid data(file:///D:/Capstone/REST%20API%20CAPSTONE/src/test/resources/api/Register.feature:5)
Caused by: java.net.SocketTimeoutException: Read timed out
	at java.base/java.net.SocketInputStream.socketRead0(Native Method)
	at java.base/java.net.SocketInputStream.socketRead(SocketInputStream.java:115)
	at java.base/java.net.SocketInputStream.read(SocketInputStream.java:168)
	at java.base/java.net.SocketInputStream.read(SocketInputStream.java:140)
	at java.base/sun.security.ssl.SSLSocketInputRecord.read(SSLSocketInputRecord.java:478)
	at java.base/sun.security.ssl.SSLSocketInputRecord.readHeader(SSLSocketInputRecord.java:472)
	at java.base/sun.security.ssl.SSLSocketInputRecord.decode(SSLSocketInputRecord.java:160)
	at java.base/sun.security.ssl.SSLTransport.decode(SSLTransport.java:111)
	at java.base/sun.security.ssl.SSLSocketImpl.decode(SSLSocketImpl.java:1377)
	at java.base/sun.security.ssl.SSLSocketImpl.readHandshakeRecord(SSLSocketImpl.java:1290)
	at java.base/sun.security.ssl.SSLSocketImpl.startHandshake(SSLSocketImpl.java:411)
	at java.base/sun.security.ssl.SSLSocketImpl.startHandshake(SSLSocketImpl.java:383)
	at org.apache.http.conn.ssl.SSLSocketFactory.createLayeredSocket(SSLSocketFactory.java:573)
	at org.apache.http.conn.ssl.SSLSocketFactory.connectSocket(SSLSocketFactory.java:557)
	at org.apache.http.conn.ssl.SSLSocketFactory.connectSocket(SSLSocketFactory.java:414)
	at org.apache.http.impl.conn.DefaultClientConnectionOperator.openConnection(DefaultClientConnectionOperator.java:180)
	at org.apache.http.impl.conn.ManagedClientConnectionImpl.open(ManagedClientConnectionImpl.java:326)
	at org.apache.http.impl.client.DefaultRequestDirector.tryConnect(DefaultRequestDirector.java:610)
	at org.apache.http.impl.client.DefaultRequestDirector.execute(DefaultRequestDirector.java:445)
	at org.apache.http.impl.client.AbstractHttpClient.doExecute(AbstractHttpClient.java:835)
	at org.apache.http.impl.client.CloseableHttpClient.execute(CloseableHttpClient.java:83)
	at org.apache.http.impl.client.CloseableHttpClient.execute(CloseableHttpClient.java:56)
	at org.apache.http.client.HttpClient$execute$0.call(Unknown Source)
	at io.restassured.internal.RequestSpecificationImpl$RestAssuredHttpBuilder.doRequest(RequestSpecificationImpl.groovy:2055)
	at io.restassured.internal.http.HTTPBuilder.post(HTTPBuilder.java:350)
	at io.restassured.internal.http.HTTPBuilder$post$2.call(Unknown Source)
	at io.restassured.internal.RequestSpecificationImpl.sendRequest(RequestSpecificationImpl.groovy:1181)
	at java.base/jdk.internal.reflect.NativeMethodAccessorImpl.invoke0(Native Method)
	at java.base/jdk.internal.reflect.NativeMethodAccessorImpl.invoke(NativeMethodAccessorImpl.java:62)
	at java.base/jdk.internal.reflect.DelegatingMethodAccessorImpl.invoke(DelegatingMethodAccessorImpl.java:43)
	at java.base/java.lang.reflect.Method.invoke(Method.java:566)
	at org.codehaus.groovy.reflection.CachedMethod.invoke(CachedMethod.java:107)
	at groovy.lang.MetaMethod.doMethodInvoke(MetaMethod.java:323)
	at groovy.lang.MetaClassImpl.invokeMethod(MetaClassImpl.java:1267)
	at groovy.lang.MetaClassImpl.invokeMethod(MetaClassImpl.java:1034)
	at groovy.lang.MetaClassImpl.invokeMethod(MetaClassImpl.java:818)
	at groovy.lang.GroovyObject.invokeMethod(GroovyObject.java:39)
	at org.codehaus.groovy.runtime.callsite.PogoInterceptableSite.call(PogoInterceptableSite.java:45)
	at org.codehaus.groovy.runtime.callsite.AbstractCallSite.call(AbstractCallSite.java:166)
	at io.restassured.internal.filter.SendRequestFilter.filter(SendRequestFilter.groovy:30)
	at io.restassured.filter.Filter$filter$0.call(Unknown Source)
	at org.codehaus.groovy.runtime.callsite.CallSiteArray.defaultCall(CallSiteArray.java:47)
	at io.restassured.filter.Filter$filter.call(Unknown Source)
	at io.restassured.internal.filter.FilterContextImpl.next(FilterContextImpl.groovy:72)
	at io.restassured.filter.time.TimingFilter.filter(TimingFilter.java:56)
	at io.restassured.filter.Filter$filter.call(Unknown Source)
	at org.codehaus.groovy.runtime.callsite.CallSiteArray.defaultCall(CallSiteArray.java:47)
	at io.restassured.filter.Filter$filter.call(Unknown Source)
	at io.restassured.internal.filter.FilterContextImpl.next(FilterContextImpl.groovy:72)
	at io.restassured.filter.log.RequestLoggingFilter.filter(RequestLoggingFilter.java:140)
	at net.serenitybdd.rest.filters.FieldsRecordingFilter.filter(FieldsRecordingFilter.java:40)
	at io.restassured.filter.Filter$filter.call(Unknown Source)
	at io.restassured.internal.filter.FilterContextImpl.next(FilterContextImpl.groovy:72)
	at io.restassured.filter.log.RequestLoggingFilter.filter(RequestLoggingFilter.java:140)
	at net.serenitybdd.rest.filters.FieldsRecordingFilter.filter(FieldsRecordingFilter.java:40)
	at io.restassured.filter.Filter$filter.call(Unknown Source)
	at io.restassured.internal.filter.FilterContextImpl.next(FilterContextImpl.groovy:72)
	at io.restassured.filter.log.RequestLoggingFilter.filter(RequestLoggingFilter.java:140)
	at net.serenitybdd.rest.filters.FieldsRecordingFilter.filter(FieldsRecordingFilter.java:40)
	at io.restassured.filter.Filter$filter.call(Unknown Source)
	at io.restassured.internal.filter.FilterContextImpl.next(FilterContextImpl.groovy:72)
	at io.restassured.filter.log.RequestLoggingFilter.filter(RequestLoggingFilter.java:140)
	at net.serenitybdd.rest.filters.FieldsRecordingFilter.filter(FieldsRecordingFilter.java:40)
	at io.restassured.filter.Filter$filter.call(Unknown Source)
	at io.restassured.internal.filter.FilterContextImpl.next(FilterContextImpl.groovy:72)
	at io.restassured.filter.log.RequestLoggingFilter.filter(RequestLoggingFilter.java:140)
	at net.serenitybdd.rest.filters.FieldsRecordingFilter.filter(FieldsRecordingFilter.java:40)
	at io.restassured.filter.Filter$filter.call(Unknown Source)
	at io.restassured.internal.filter.FilterContextImpl.next(FilterContextImpl.groovy:72)
	at io.restassured.filter.log.RequestLoggingFilter.filter(RequestLoggingFilter.java:140)
	at net.serenitybdd.rest.filters.FieldsRecordingFilter.filter(FieldsRecordingFilter.java:40)
	at io.restassured.filter.Filter$filter.call(Unknown Source)
	at org.codehaus.groovy.runtime.callsite.CallSiteArray.defaultCall(CallSiteArray.java:47)
	at io.restassured.filter.Filter$filter$0.call(Unknown Source)
	at io.restassured.internal.filter.FilterContextImpl.next(FilterContextImpl.groovy:72)
	at io.restassured.filter.FilterContext$next.call(Unknown Source)
	at io.restassured.internal.RequestSpecificationImpl.applyPathParamsAndSendRequest(RequestSpecificationImpl.groovy:1655)
	at java.base/jdk.internal.reflect.NativeMethodAccessorImpl.invoke0(Native Method)
	at java.base/jdk.internal.reflect.NativeMethodAccessorImpl.invoke(NativeMethodAccessorImpl.java:62)
	at java.base/jdk.internal.reflect.DelegatingMethodAccessorImpl.invoke(DelegatingMethodAccessorImpl.java:43)
	at java.base/java.lang.reflect.Method.invoke(Method.java:566)
	at org.codehaus.groovy.reflection.CachedMethod.invoke(CachedMethod.java:107)
	at groovy.lang.MetaMethod.doMethodInvoke(MetaMethod.java:323)
	at groovy.lang.MetaClassImpl.invokeMethod(MetaClassImpl.java:1267)
	at groovy.lang.MetaClassImpl.invokeMethod(MetaClassImpl.java:1034)
	at groovy.lang.MetaClassImpl.invokeMethod(MetaClassImpl.java:818)
	at groovy.lang.GroovyObject.invokeMethod(GroovyObject.java:39)
	at org.codehaus.groovy.runtime.callsite.PogoInterceptableSite.call(PogoInterceptableSite.java:45)
	at org.codehaus.groovy.runtime.callsite.PogoInterceptableSite.callCurrent(PogoInterceptableSite.java:55)
	at org.codehaus.groovy.runtime.callsite.AbstractCallSite.callCurrent(AbstractCallSite.java:203)
	at io.restassured.internal.RequestSpecificationImpl.applyPathParamsAndSendRequest(RequestSpecificationImpl.groovy:1661)
	at java.base/jdk.internal.reflect.NativeMethodAccessorImpl.invoke0(Native Method)
	at java.base/jdk.internal.reflect.NativeMethodAccessorImpl.invoke(NativeMethodAccessorImpl.java:62)
	at java.base/jdk.internal.reflect.DelegatingMethodAccessorImpl.invoke(DelegatingMethodAccessorImpl.java:43)
	at java.base/java.lang.reflect.Method.invoke(Method.java:566)
	at org.codehaus.groovy.reflection.CachedMethod.invoke(CachedMethod.java:107)
	at groovy.lang.MetaMethod.doMethodInvoke(MetaMethod.java:323)
	at groovy.lang.MetaClassImpl.invokeMethod(MetaClassImpl.java:1267)
	at groovy.lang.MetaClassImpl.invokeMethod(MetaClassImpl.java:1034)
	at groovy.lang.MetaClassImpl.invokeMethod(MetaClassImpl.java:818)
	at groovy.lang.GroovyObject.invokeMethod(GroovyObject.java:39)
	at org.codehaus.groovy.runtime.callsite.PogoInterceptableSite.call(PogoInterceptableSite.java:45)
	at org.codehaus.groovy.runtime.callsite.PogoInterceptableSite.callCurrent(PogoInterceptableSite.java:55)
	at org.codehaus.groovy.runtime.callsite.AbstractCallSite.callCurrent(AbstractCallSite.java:203)
	at io.restassured.internal.RequestSpecificationImpl.post(RequestSpecificationImpl.groovy:175)
	at net.serenitybdd.rest.decorators.request.RequestSpecificationDecorated.executeCall(RequestSpecificationDecorated.java:309)
	at net.serenitybdd.rest.decorators.request.RequestSpecificationDecorated.execute(RequestSpecificationDecorated.java:268)
	at net.serenitybdd.rest.decorators.request.RequestSpecificationDecorated.post(RequestSpecificationDecorated.java:120)
	at net.serenitybdd.rest.decorators.request.RequestSpecificationDecorated.post(RequestSpecificationDecorated.java:38)
	at rest.api@1.0-SNAPSHOT/Starter.Register.PostRegist.registusingvalidemailandpassword(PostRegist.java:31)
	at rest.api@1.0-SNAPSHOT/Starter.Register.PostRegist$ByteBuddy$siQ1LhJi.registusingvalidemailandpassword$accessor$ETLm8KIb(Unknown Source)
	at java.base/jdk.internal.reflect.NativeMethodAccessorImpl.invoke0(Native Method)
	at java.base/jdk.internal.reflect.NativeMethodAccessorImpl.invoke(NativeMethodAccessorImpl.java:62)
	at java.base/jdk.internal.reflect.DelegatingMethodAccessorImpl.invoke(DelegatingMethodAccessorImpl.java:43)
	at java.base/java.lang.reflect.Method.invoke(Method.java:566)
	at net.thucydides.core.steps.StepInterceptor.invokeMethod(StepInterceptor.java:492)
	at net.thucydides.core.steps.StepInterceptor.executeTestStepMethod(StepInterceptor.java:472)
	at net.thucydides.core.steps.StepInterceptor.runTestStep(StepInterceptor.java:445)
	at net.thucydides.core.steps.StepInterceptor.runOrSkipMethod(StepInterceptor.java:201)
	at net.thucydides.core.steps.StepInterceptor.testStepResult(StepInterceptor.java:188)
	at net.thucydides.core.steps.StepInterceptor.intercept(StepInterceptor.java:76)
	at net.thucydides.core.steps.ProxyConfiguration$InterceptorDispatcher.intercept(ProxyConfiguration.java:51)
	at rest.api@1.0-SNAPSHOT/Starter.Register.PostRegist$ByteBuddy$siQ1LhJi.registusingvalidemailandpassword(Unknown Source)
	at rest.api@1.0-SNAPSHOT/Starter.StepDefinitions.RegisStep.loginusingvalidemailandpassword(RegisStep.java:19)
	at java.base/jdk.internal.reflect.NativeMethodAccessorImpl.invoke0(Native Method)
	at java.base/jdk.internal.reflect.NativeMethodAccessorImpl.invoke(NativeMethodAccessorImpl.java:62)
	at java.base/jdk.internal.reflect.DelegatingMethodAccessorImpl.invoke(DelegatingMethodAccessorImpl.java:43)
	at java.base/java.lang.reflect.Method.invoke(Method.java:566)
	at io.cucumber.java.Invoker.doInvoke(Invoker.java:66)
	at io.cucumber.java.Invoker.invoke(Invoker.java:24)
	at io.cucumber.java.AbstractGlueDefinition.invokeMethod(AbstractGlueDefinition.java:47)
	at io.cucumber.java.JavaStepDefinition.execute(JavaStepDefinition.java:29)
	at io.cucumber.core.runner.CoreStepDefinition.execute(CoreStepDefinition.java:66)
	at io.cucumber.core.runner.PickleStepDefinitionMatch.runStep(PickleStepDefinitionMatch.java:63)
	at io.cucumber.core.runner.ExecutionMode$1.execute(ExecutionMode.java:10)
	at io.cucumber.core.runner.TestStep.executeStep(TestStep.java:92)
	at io.cucumber.core.runner.TestStep.run(TestStep.java:64)
	at io.cucumber.core.runner.PickleStepTestStep.run(PickleStepTestStep.java:51)
	at io.cucumber.core.runner.TestCase.run(TestCase.java:104)
	at io.cucumber.core.runner.Runner.runPickle(Runner.java:73)
	at io.cucumber.junit.PickleRunners$NoStepDescriptions.run(PickleRunners.java:151)
	at io.cucumber.junit.FeatureRunner.runChild(FeatureRunner.java:135)
	at io.cucumber.junit.FeatureRunner.runChild(FeatureRunner.java:27)
	at org.junit.runners.ParentRunner$4.run(ParentRunner.java:331)
	at org.junit.runners.ParentRunner$1.schedule(ParentRunner.java:79)
	at org.junit.runners.ParentRunner.runChildren(ParentRunner.java:329)
	at org.junit.runners.ParentRunner.access$100(ParentRunner.java:66)
	at org.junit.runners.ParentRunner$2.evaluate(ParentRunner.java:293)
	at org.junit.runners.ParentRunner$3.evaluate(ParentRunner.java:306)
	at org.junit.runners.ParentRunner.run(ParentRunner.java:413)
	at io.cucumber.junit.CucumberSerenityRunner.runChild(CucumberSerenityRunner.java:258)
	at io.cucumber.junit.CucumberSerenityRunner.runChild(CucumberSerenityRunner.java:57)
	at org.junit.runners.ParentRunner$4.run(ParentRunner.java:331)
	at org.apache.maven.surefire.junitcore.pc.Scheduler$1.run(Scheduler.java:405)
	at org.apache.maven.surefire.junitcore.pc.InvokerStrategy.schedule(InvokerStrategy.java:54)
	at org.apache.maven.surefire.junitcore.pc.Scheduler.schedule(Scheduler.java:362)
	at org.junit.runners.ParentRunner.runChildren(ParentRunner.java:329)
	at org.junit.runners.ParentRunner.access$100(ParentRunner.java:66)
	at org.junit.runners.ParentRunner$2.evaluate(ParentRunner.java:293)
	at io.cucumber.junit.CucumberSerenityRunner$RunCucumber.evaluate(CucumberSerenityRunner.java:286)
	at org.junit.runners.ParentRunner$3.evaluate(ParentRunner.java:306)
	at org.junit.runners.ParentRunner.run(ParentRunner.java:413)
	at org.junit.runners.Suite.runChild(Suite.java:128)
	at org.junit.runners.Suite.runChild(Suite.java:27)
	at org.junit.runners.ParentRunner$4.run(ParentRunner.java:331)
	at org.apache.maven.surefire.junitcore.pc.Scheduler$1.run(Scheduler.java:405)
	at java.base/java.util.concurrent.Executors$RunnableAdapter.call(Executors.java:515)
	at java.base/java.util.concurrent.FutureTask.run(FutureTask.java:264)
	at java.base/java.util.concurrent.ThreadPoolExecutor.runWorker(ThreadPoolExecutor.java:1128)
	at java.base/java.util.concurrent.ThreadPoolExecutor$Worker.run(ThreadPoolExecutor.java:628)
	at java.base/java.lang.Thread.run(Thread.java:834)
&amp#27;[0m
  &amp#27;[36mThen &amp#27;[0m&amp#27;[36muser succes regist respon 200 OK on regist 1&amp#27;[0m &amp#27;[90m# Starter.StepDefinitions.RegisStep.succesloginresponcode200()&amp#27;[0m
  &amp#27;[36mAnd &amp#27;[0m&amp#27;[36muser get a message &amp#27;[0m&amp#27;[36m&amp#27;[1mproses register berhasil&amp#27;[0m   &amp#27;[90m# Starter.StepDefinitions.RegisStep.receiveMassage(java.lang.String)&amp#27;[0m
]]></system-out>
  </testcase>
</testsuite>