<?xml version="1.0" encoding="UTF-8"?><testsuite errors="1" failures="0" name="As a user on register page" skipped="0" tests="1" time="19.75" timestamp="2022-06-15 12:28:43"><testcase name="User register with valid data"><error message="Read timed out" type="java.net.SocketTimeoutException">Read timed out</error><system-err>Read timed out&#13;
org.apache.http.conn.ssl.SSLSocketFactory.createLayeredSocket(SSLSocketFactory.java:573)&#13;
org.apache.http.conn.ssl.SSLSocketFactory.connectSocket(SSLSocketFactory.java:557)&#13;
org.apache.http.conn.ssl.SSLSocketFactory.connectSocket(SSLSocketFactory.java:414)&#13;
org.apache.http.impl.conn.DefaultClientConnectionOperator.openConnection(DefaultClientConnectionOperator.java:180)&#13;
org.apache.http.impl.conn.ManagedClientConnectionImpl.open(ManagedClientConnectionImpl.java:326)&#13;
org.apache.http.impl.client.DefaultRequestDirector.tryConnect(DefaultRequestDirector.java:610)&#13;
org.apache.http.impl.client.DefaultRequestDirector.execute(DefaultRequestDirector.java:445)&#13;
org.apache.http.impl.client.AbstractHttpClient.doExecute(AbstractHttpClient.java:835)&#13;
org.apache.http.impl.client.CloseableHttpClient.execute(CloseableHttpClient.java:83)&#13;
org.apache.http.impl.client.CloseableHttpClient.execute(CloseableHttpClient.java:56)&#13;
io.restassured.internal.http.HTTPBuilder.post(HTTPBuilder.java:350)&#13;
io.restassured.internal.RequestSpecificationImpl.sendRequest(RequestSpecificationImpl.groovy:1181)&#13;
groovy.lang.MetaMethod.doMethodInvoke(MetaMethod.java:323)&#13;
groovy.lang.MetaClassImpl.invokeMethod(MetaClassImpl.java:1267)&#13;
groovy.lang.MetaClassImpl.invokeMethod(MetaClassImpl.java:1034)&#13;
groovy.lang.MetaClassImpl.invokeMethod(MetaClassImpl.java:818)&#13;
groovy.lang.GroovyObject.invokeMethod(GroovyObject.java:39)&#13;
io.restassured.internal.filter.SendRequestFilter.filter(SendRequestFilter.groovy:30)&#13;
io.restassured.internal.filter.FilterContextImpl.next(FilterContextImpl.groovy:72)&#13;
io.restassured.filter.time.TimingFilter.filter(TimingFilter.java:56)&#13;
io.restassured.internal.filter.FilterContextImpl.next(FilterContextImpl.groovy:72)&#13;
io.restassured.filter.log.RequestLoggingFilter.filter(RequestLoggingFilter.java:140)&#13;
net.serenitybdd.rest.filters.FieldsRecordingFilter.filter(FieldsRecordingFilter.java:40)&#13;
io.restassured.internal.filter.FilterContextImpl.next(FilterContextImpl.groovy:72)&#13;
io.restassured.filter.log.RequestLoggingFilter.filter(RequestLoggingFilter.java:140)&#13;
net.serenitybdd.rest.filters.FieldsRecordingFilter.filter(FieldsRecordingFilter.java:40)&#13;
io.restassured.internal.filter.FilterContextImpl.next(FilterContextImpl.groovy:72)&#13;
io.restassured.filter.log.RequestLoggingFilter.filter(RequestLoggingFilter.java:140)&#13;
net.serenitybdd.rest.filters.FieldsRecordingFilter.filter(FieldsRecordingFilter.java:40)&#13;
io.restassured.internal.filter.FilterContextImpl.next(FilterContextImpl.groovy:72)&#13;
io.restassured.filter.log.RequestLoggingFilter.filter(RequestLoggingFilter.java:140)&#13;
net.serenitybdd.rest.filters.FieldsRecordingFilter.filter(FieldsRecordingFilter.java:40)&#13;
io.restassured.internal.filter.FilterContextImpl.next(FilterContextImpl.groovy:72)&#13;
io.restassured.filter.log.RequestLoggingFilter.filter(RequestLoggingFilter.java:140)&#13;
net.serenitybdd.rest.filters.FieldsRecordingFilter.filter(FieldsRecordingFilter.java:40)&#13;
io.restassured.internal.filter.FilterContextImpl.next(FilterContextImpl.groovy:72)&#13;
io.restassured.filter.log.RequestLoggingFilter.filter(RequestLoggingFilter.java:140)&#13;
net.serenitybdd.rest.filters.FieldsRecordingFilter.filter(FieldsRecordingFilter.java:40)&#13;
io.restassured.internal.filter.FilterContextImpl.next(FilterContextImpl.groovy:72)&#13;
io.restassured.internal.RequestSpecificationImpl.applyPathParamsAndSendRequest(RequestSpecificationImpl.groovy:1655)&#13;
groovy.lang.MetaMethod.doMethodInvoke(MetaMethod.java:323)&#13;
groovy.lang.MetaClassImpl.invokeMethod(MetaClassImpl.java:1267)&#13;
groovy.lang.MetaClassImpl.invokeMethod(MetaClassImpl.java:1034)&#13;
groovy.lang.MetaClassImpl.invokeMethod(MetaClassImpl.java:818)&#13;
groovy.lang.GroovyObject.invokeMethod(GroovyObject.java:39)&#13;
io.restassured.internal.RequestSpecificationImpl.applyPathParamsAndSendRequest(RequestSpecificationImpl.groovy:1661)&#13;
groovy.lang.MetaMethod.doMethodInvoke(MetaMethod.java:323)&#13;
groovy.lang.MetaClassImpl.invokeMethod(MetaClassImpl.java:1267)&#13;
groovy.lang.MetaClassImpl.invokeMethod(MetaClassImpl.java:1034)&#13;
groovy.lang.MetaClassImpl.invokeMethod(MetaClassImpl.java:818)&#13;
groovy.lang.GroovyObject.invokeMethod(GroovyObject.java:39)&#13;
io.restassured.internal.RequestSpecificationImpl.post(RequestSpecificationImpl.groovy:175)&#13;
net.serenitybdd.rest.decorators.request.RequestSpecificationDecorated.executeCall(RequestSpecificationDecorated.java:309)&#13;
net.serenitybdd.rest.decorators.request.RequestSpecificationDecorated.execute(RequestSpecificationDecorated.java:268)&#13;
net.serenitybdd.rest.decorators.request.RequestSpecificationDecorated.post(RequestSpecificationDecorated.java:120)&#13;
net.serenitybdd.rest.decorators.request.RequestSpecificationDecorated.post(RequestSpecificationDecorated.java:38)&#13;
rest.api@1.0-SNAPSHOT/Starter.Register.PostRegist.registusingvalidemailandpassword(PostRegist.java:31)&#13;
rest.api@1.0-SNAPSHOT/Starter.StepDefinitions.RegisStep.loginusingvalidemailandpassword(RegisStep.java:19)&#13;
io.cucumber.java.Invoker.doInvoke(Invoker.java:66)&#13;
io.cucumber.java.Invoker.invoke(Invoker.java:24)&#13;
io.cucumber.java.AbstractGlueDefinition.invokeMethod(AbstractGlueDefinition.java:47)&#13;
io.cucumber.java.JavaStepDefinition.execute(JavaStepDefinition.java:29)&#13;
io.cucumber.core.runner.CoreStepDefinition.execute(CoreStepDefinition.java:66)&#13;
io.cucumber.core.runner.PickleStepDefinitionMatch.runStep(PickleStepDefinitionMatch.java:63)&#13;
io.cucumber.core.runner.TestStep.executeStep(TestStep.java:92)&#13;
io.cucumber.core.runner.TestStep.run(TestStep.java:64)&#13;
io.cucumber.core.runner.PickleStepTestStep.run(PickleStepTestStep.java:51)&#13;
io.cucumber.core.runner.TestCase.run(TestCase.java:104)&#13;
io.cucumber.core.runner.Runner.runPickle(Runner.java:73)&#13;
io.cucumber.junit.FeatureRunner.runChild(FeatureRunner.java:135)&#13;
io.cucumber.junit.FeatureRunner.runChild(FeatureRunner.java:27)&#13;
io.cucumber.junit.CucumberSerenityRunner.runChild(CucumberSerenityRunner.java:258)&#13;
io.cucumber.junit.CucumberSerenityRunner.runChild(CucumberSerenityRunner.java:57)&#13;
</system-err></testcase></testsuite>